[    0.000000] Initializing cgroup subsys cpuset
[    0.000000] Initializing cgroup subsys cpu
[    0.000000] Initializing cgroup subsys cpuacct
[    0.000000] Linux version 4.4.0-161-generic (buildd@lcy01-amd64-018) (gcc version 5.4.0 20160609 (Ubuntu 5.4.0-6ubuntu1~16.04.10) ) #189-Ubuntu SMP Tue Aug 27 08:10:16 UTC 2019 (Ubuntu 4.4.0-161.189-generic 4.4.186)
[    0.000000] Command line: BOOT_IMAGE=/boot/vmlinuz-4.4.0-161-generic root=LABEL=cloudimg-rootfs ro console=tty1 console=ttyS0
[    0.000000] KERNEL supported cpus:
[    0.000000]   Intel GenuineIntel
[    0.000000]   AMD AuthenticAMD
[    0.000000]   Centaur CentaurHauls
[    0.000000] x86/fpu: Supporting XSAVE feature 0x01: 'x87 floating point registers'
[    0.000000] x86/fpu: Supporting XSAVE feature 0x02: 'SSE registers'
[    0.000000] x86/fpu: Enabled xstate features 0x3, context size is 576 bytes, using 'standard' format.
[    0.000000] e820: BIOS-provided physical RAM map:
[    0.000000] BIOS-e820: [mem 0x0000000000000000-0x000000000009fbff] usable
[    0.000000] BIOS-e820: [mem 0x000000000009fc00-0x000000000009ffff] reserved
[    0.000000] BIOS-e820: [mem 0x00000000000f0000-0x00000000000fffff] reserved
[    0.000000] BIOS-e820: [mem 0x0000000000100000-0x00000000181effff] usable
[    0.000000] BIOS-e820: [mem 0x00000000181f0000-0x00000000181fffff] ACPI data
[    0.000000] BIOS-e820: [mem 0x00000000fec00000-0x00000000fec00fff] reserved
[    0.000000] BIOS-e820: [mem 0x00000000fee00000-0x00000000fee00fff] reserved
[    0.000000] BIOS-e820: [mem 0x00000000fffc0000-0x00000000ffffffff] reserved
[    0.000000] NX (Execute Disable) protection: active
[    0.000000] SMBIOS 2.5 present.
[    0.000000] Hypervisor detected: KVM
[    0.000000] e820: last_pfn = 0x181f0 max_arch_pfn = 0x400000000
[    0.000000] MTRR: Disabled
[    0.000000] x86/PAT: MTRRs disabled, skipping PAT initialization too.
[    0.000000] CPU MTRRs all blank - virtualized system.
[    0.000000] x86/PAT: Configuration [0-7]: WB  WT  UC- UC  WB  WT  UC- UC  
[    0.000000] found SMP MP-table at [mem 0x0009fff0-0x0009ffff] mapped at [ffff88000009fff0]
[    0.000000] Scanning 1 areas for low memory corruption
[    0.000000] RAMDISK: [mem 0x16aed000-0x17967fff]
[    0.000000] ACPI: Early table checksum verification disabled
[    0.000000] ACPI: RSDP 0x00000000000E0000 000024 (v02 VBOX  )
[    0.000000] ACPI: XSDT 0x00000000181F0030 00003C (v01 VBOX   VBOXXSDT 00000001 ASL  00000061)
[    0.000000] ACPI: FACP 0x00000000181F00F0 0000F4 (v04 VBOX   VBOXFACP 00000001 ASL  00000061)
[    0.000000] ACPI: DSDT 0x00000000181F0470 0021FF (v02 VBOX   VBOXBIOS 00000002 INTL 20180105)
[    0.000000] ACPI: FACS 0x00000000181F0200 000040
[    0.000000] ACPI: FACS 0x00000000181F0200 000040
[    0.000000] ACPI: APIC 0x00000000181F0240 000054 (v02 VBOX   VBOXAPIC 00000001 ASL  00000061)
[    0.000000] ACPI: SSDT 0x00000000181F02A0 0001CC (v01 VBOX   VBOXCPUT 00000002 INTL 20180105)
[    0.000000] No NUMA configuration found
[    0.000000] Faking a node at [mem 0x0000000000000000-0x00000000181effff]
[    0.000000] NODE_DATA(0) allocated [mem 0x181eb000-0x181effff]
[    0.000000] kvm-clock: Using msrs 4b564d01 and 4b564d00
[    0.000000] kvm-clock: cpu 0, msr 0:181e3001, primary cpu clock
[    0.000000] kvm-clock: using sched offset of 4140248654 cycles
[    0.000000] clocksource: kvm-clock: mask: 0xffffffffffffffff max_cycles: 0x1cd42e4dffb, max_idle_ns: 881590591483 ns
[    0.000000] Section 2 and 3 (node 0) have a circular dependency on usemap and pgdat allocations
[    0.000000] Zone ranges:
[    0.000000]   DMA      [mem 0x0000000000001000-0x0000000000ffffff]
[    0.000000]   DMA32    [mem 0x0000000001000000-0x00000000181effff]
[    0.000000]   Normal   empty
[    0.000000]   Device   empty
[    0.000000] Movable zone start for each node
[    0.000000] Early memory node ranges
[    0.000000]   node   0: [mem 0x0000000000001000-0x000000000009efff]
[    0.000000]   node   0: [mem 0x0000000000100000-0x00000000181effff]
[    0.000000] Initmem setup node 0 [mem 0x0000000000001000-0x00000000181effff]
[    0.000000] ACPI: PM-Timer IO Port: 0x4008
[    0.000000] IOAPIC[0]: apic_id 1, version 32, address 0xfec00000, GSI 0-23
[    0.000000] ACPI: INT_SRC_OVR (bus 0 bus_irq 0 global_irq 2 dfl dfl)
[    0.000000] ACPI: INT_SRC_OVR (bus 0 bus_irq 9 global_irq 9 low level)
[    0.000000] Using ACPI (MADT) for SMP configuration information
[    0.000000] smpboot: Allowing 1 CPUs, 0 hotplug CPUs
[    0.000000] PM: Registered nosave memory: [mem 0x00000000-0x00000fff]
[    0.000000] PM: Registered nosave memory: [mem 0x0009f000-0x0009ffff]
[    0.000000] PM: Registered nosave memory: [mem 0x000a0000-0x000effff]
[    0.000000] PM: Registered nosave memory: [mem 0x000f0000-0x000fffff]
[    0.000000] e820: [mem 0x18200000-0xfebfffff] available for PCI devices
[    0.000000] Booting paravirtualized kernel on KVM
[    0.000000] clocksource: refined-jiffies: mask: 0xffffffff max_cycles: 0xffffffff, max_idle_ns: 7645519600211568 ns
[    0.000000] setup_percpu: NR_CPUS:512 nr_cpumask_bits:512 nr_cpu_ids:1 nr_node_ids:1
[    0.000000] PERCPU: Embedded 34 pages/cpu @ffff880017e00000 s99544 r8192 d31528 u2097152
[    0.000000] Built 1 zonelists in Node order, mobility grouping on.  Total pages: 97136
[    0.000000] Policy zone: DMA32
[    0.000000] Kernel command line: BOOT_IMAGE=/boot/vmlinuz-4.4.0-161-generic root=LABEL=cloudimg-rootfs ro console=tty1 console=ttyS0
[    0.000000] PID hash table entries: 2048 (order: 2, 16384 bytes)
[    0.000000] Memory: 352760K/394808K available (8622K kernel code, 1335K rwdata, 4032K rodata, 1488K init, 1284K bss, 42048K reserved, 0K cma-reserved)
[    0.000000] SLUB: HWalign=64, Order=0-3, MinObjects=0, CPUs=1, Nodes=1
[    0.000000] Kernel/User page tables isolation: enabled
[    0.000000] Hierarchical RCU implementation.
[    0.000000] 	Build-time adjustment of leaf fanout to 64.
[    0.000000] 	RCU restricting CPUs from NR_CPUS=512 to nr_cpu_ids=1.
[    0.000000] RCU: Adjusting geometry for rcu_fanout_leaf=64, nr_cpu_ids=1
[    0.000000] NR_IRQS:33024 nr_irqs:256 16
[    0.000000] Console: colour VGA+ 80x25
[    0.000000] console [tty1] enabled
[    0.000000] console [ttyS0] enabled
[    0.000000] tsc: Detected 1496.595 MHz processor
[    1.344514] Calibrating delay loop (skipped) preset value.. 2993.19 BogoMIPS (lpj=5986380)
[    1.421688] pid_max: default: 32768 minimum: 301
[    1.423405] ACPI: Core revision 20150930
[    1.426682] ACPI: 2 ACPI AML tables successfully acquired and loaded
[    1.481887] Security Framework initialized
[    1.483418] Yama: becoming mindful.
[    1.484815] AppArmor: AppArmor initialized
[    1.501522] Dentry cache hash table entries: 65536 (order: 7, 524288 bytes)
[    1.508003] Inode-cache hash table entries: 32768 (order: 6, 262144 bytes)
[    1.510341] Mount-cache hash table entries: 1024 (order: 1, 8192 bytes)
[    1.522510] Mountpoint-cache hash table entries: 1024 (order: 1, 8192 bytes)
[    1.525114] Initializing cgroup subsys io
[    1.530785] Initializing cgroup subsys memory
[    1.581807] Initializing cgroup subsys devices
[    1.583435] Initializing cgroup subsys freezer
[    1.585031] Initializing cgroup subsys net_cls
[    1.590790] Initializing cgroup subsys perf_event
[    1.592508] Initializing cgroup subsys net_prio
[    1.594134] Initializing cgroup subsys hugetlb
[    1.651409] Initializing cgroup subsys pids
[    1.674734] mce: CPU supports 0 MCE banks
[    1.676414] process: using mwait in idle threads
[    1.678094] Last level iTLB entries: 4KB 512, 2MB 8, 4MB 8
[    1.702307] Last level dTLB entries: 4KB 512, 2MB 32, 4MB 32, 1GB 0
[    1.704410] Spectre V1 : Mitigation: usercopy/swapgs barriers and __user pointer sanitization
[    1.707413] Spectre V2 : Mitigation: Full generic retpoline
[    1.709372] Spectre V2 : Spectre v2 / SpectreRSB mitigation: Filling RSB on context switch
[    1.722326] Speculative Store Bypass: Vulnerable
[    1.724181] MDS: Vulnerable: Clear CPU buffers attempted, no microcode
[    1.788017] Freeing SMP alternatives memory: 36K
[    1.826931] ftrace: allocating 32318 entries in 127 pages
[    1.985086] smpboot: APIC(0) Converting physical 0 to logical package 0
[    2.016080] smpboot: Max logical packages: 1
[    2.018163] x2apic enabled
[    2.019764] Switched APIC routing to physical x2apic.
[    2.043536] ..TIMER: vector=0x30 apic1=0 pin1=2 apic2=-1 pin2=-1
[    2.151375] smpboot: CPU0: Intel(R) Celeron(R) CPU 1007U @ 1.50GHz (family: 0x6, model: 0x3a, stepping: 0x9)
[    2.194050] Performance Events: unsupported p6 CPU model 58 no PMU driver, software events only.
[    2.220710] KVM setup paravirtual spinlock
[    2.255768] x86: Booted up 1 node, 1 CPUs
[    2.262113] smpboot: Total of 1 processors activated (2993.19 BogoMIPS)
[    2.294296] devtmpfs: initialized
[    2.299006] evm: security.selinux
[    2.314233] evm: security.SMACK64
[    2.315576] evm: security.SMACK64EXEC
[    2.317008] evm: security.SMACK64TRANSMUTE
[    2.318518] evm: security.SMACK64MMAP
[    2.319944] evm: security.ima
[    2.321222] evm: security.capability
[    2.322856] clocksource: jiffies: mask: 0xffffffff max_cycles: 0xffffffff, max_idle_ns: 7645041785100000 ns
[    2.326257] futex hash table entries: 256 (order: 2, 16384 bytes)
[    2.328480] pinctrl core: initialized pinctrl subsystem
[    2.330484] RTC time: 16:07:37, date: 09/18/19
[    2.332390] NET: Registered protocol family 16
[    2.334271] cpuidle: using governor ladder
[    2.335841] cpuidle: using governor menu
[    2.337340] PCCT header not found.
[    2.338789] ACPI: bus type PCI registered
[    2.340301] acpiphp: ACPI Hot Plug PCI Controller Driver version: 0.5
[    2.352602] PCI: Using configuration type 1 for base access
[    2.385718] ACPI: Added _OSI(Module Device)
[    2.402042] ACPI: Added _OSI(Processor Device)
[    2.403641] ACPI: Added _OSI(3.0 _SCP Extensions)
[    2.405313] ACPI: Added _OSI(Processor Aggregator Device)
[    2.408199] ACPI: Executed 1 blocks of module-level executable AML code
[    2.436387] ACPI: Interpreter enabled
[    2.454623] ACPI: (supports S0 S5)
[    2.455984] ACPI: Using IOAPIC for interrupt routing
[    2.458012] PCI: Using host bridge windows from ACPI; if necessary, use "pci=nocrs" and report a bug
[    2.499926] ACPI: PCI Root Bridge [PCI0] (domain 0000 [bus 00-ff])
[    2.512547] acpi PNP0A03:00: _OSC: OS supports [ASPM ClockPM Segments MSI]
[    2.514750] acpi PNP0A03:00: _OSC: not requesting OS control; OS requires [ExtendedConfig ASPM ClockPM MSI]
[    2.553988] acpi PNP0A03:00: fail to add MMCONFIG information, can't access extended PCI configuration space under this bridge.
[    2.642695] PCI host bridge to bus 0000:00
[    2.644270] pci_bus 0000:00: root bus resource [io  0x0000-0x0cf7 window]
[    2.649131] pci_bus 0000:00: root bus resource [io  0x0d00-0xffff window]
[    2.653866] pci_bus 0000:00: root bus resource [mem 0x000a0000-0x000bffff window]
[    2.656617] pci_bus 0000:00: root bus resource [mem 0x18200000-0xfdffffff window]
[    2.659329] pci_bus 0000:00: root bus resource [bus 00-ff]
[    2.664265] pci 0000:00:01.1: legacy IDE quirk: reg 0x10: [io  0x01f0-0x01f7]
[    2.666628] pci 0000:00:01.1: legacy IDE quirk: reg 0x14: [io  0x03f6]
[    2.668776] pci 0000:00:01.1: legacy IDE quirk: reg 0x18: [io  0x0170-0x0177]
[    2.671032] pci 0000:00:01.1: legacy IDE quirk: reg 0x1c: [io  0x0376]
[    2.692874] pci 0000:00:07.0: quirk: [io  0x4000-0x403f] claimed by PIIX4 ACPI
[    2.758378] pci 0000:00:07.0: quirk: [io  0x4100-0x410f] claimed by PIIX4 SMB
[    2.773677] ACPI: PCI Interrupt Link [LNKA] (IRQs 5 9 10 *11)
[    2.814516] ACPI: PCI Interrupt Link [LNKB] (IRQs 5 9 *10 11)
[    2.871582] ACPI: PCI Interrupt Link [LNKC] (IRQs 5 *9 10 11)
[    2.883448] ACPI: PCI Interrupt Link [LNKD] (IRQs 5 9 10 *11)
[    2.886382] ACPI: Enabled 2 GPEs in block 00 to 07
[    2.932253] vgaarb: setting as boot device: PCI:0000:00:02.0
[    2.934155] vgaarb: device added: PCI:0000:00:02.0,decodes=io+mem,owns=io+mem,locks=none
[    2.937121] vgaarb: loaded
[    2.938275] vgaarb: bridge control possible 0000:00:02.0
[    2.940722] SCSI subsystem initialized
[    2.954587] ACPI: bus type USB registered
[    2.956149] usbcore: registered new interface driver usbfs
[    2.958025] usbcore: registered new interface driver hub
[    3.009782] usbcore: registered new device driver usb
[    3.013261] PCI: Using ACPI for IRQ routing
[    3.017850] NetLabel: Initializing
[    3.019284] NetLabel:  domain hash size = 128
[    3.035130] NetLabel:  protocols = UNLABELED CIPSOv4
[    3.052607] NetLabel:  unlabeled traffic allowed by default
[    3.055235] amd_nb: Cannot enumerate AMD northbridges
[    3.103528] clocksource: Switched to clocksource kvm-clock
[    3.166369] AppArmor: AppArmor Filesystem Enabled
[    3.211877] pnp: PnP ACPI init
[    3.222721] pnp: PnP ACPI: found 3 devices
[    3.330889] clocksource: acpi_pm: mask: 0xffffff max_cycles: 0xffffff, max_idle_ns: 2085701024 ns
[    3.423048] NET: Registered protocol family 2
[    3.424963] TCP established hash table entries: 4096 (order: 3, 32768 bytes)
[    3.427243] TCP bind hash table entries: 4096 (order: 4, 65536 bytes)
[    3.429395] TCP: Hash tables configured (established 4096 bind 4096)
[    3.431526] UDP hash table entries: 256 (order: 1, 8192 bytes)
[    3.433498] UDP-Lite hash table entries: 256 (order: 1, 8192 bytes)
[    3.561503] NET: Registered protocol family 1
[    3.572100] pci 0000:00:00.0: Limiting direct PCI/PCI transfers
[    3.574085] pci 0000:00:01.0: Activating ISA DMA hang workarounds
[    3.591871] Unpacking initramfs...
[    4.006325] Freeing initrd memory: 14828K
[    4.032245] RAPL PMU detected, API unit is 2^-32 Joules, 3 fixed counters 10737418240 ms ovfl timer
[    4.035338] hw unit of domain pp0-core 2^-0 Joules
[    4.037148] hw unit of domain package 2^-0 Joules
[    4.038788] hw unit of domain pp1-gpu 2^-0 Joules
[    4.091640] clocksource: tsc: mask: 0xffffffffffffffff max_cycles: 0x1592920dd3d, max_idle_ns: 440795232376 ns
[    4.102448] platform rtc_cmos: registered platform RTC device (no PNP device found)
[    4.286630] Scanning for low memory corruption every 60 seconds
[    4.392096] audit: initializing netlink subsys (disabled)
[    4.395593] audit: type=2000 audit(1568822862.165:1): initialized
[    4.398516] Initialise system trusted keyring
[    4.400235] HugeTLB registered 2 MB page size, pre-allocated 0 pages
[    4.424716] zbud: loaded
[    4.426492] VFS: Disk quotas dquot_6.6.0
[    4.428108] VFS: Dquot-cache hash table entries: 512 (order 0, 4096 bytes)
[    4.430728] squashfs: version 4.0 (2009/01/31) Phillip Lougher
[    4.491957] fuse init (API version 7.23)
[    4.493813] Key type big_key registered
[    4.495357] Allocating IMA MOK and blacklist keyrings.
[    4.522549] Key type asymmetric registered
[    4.524099] Asymmetric key parser 'x509' registered
[    4.525965] Block layer SCSI generic (bsg) driver version 0.4 loaded (major 249)
[    4.528723] io scheduler noop registered
[    4.530225] io scheduler deadline registered (default)
[    4.534623] io scheduler cfq registered
[    4.536237] pci_hotplug: PCI Hot Plug PCI Core version: 0.5
[    4.538235] pciehp: PCI Express Hot Plug Controller Driver version: 0.4
[    4.540699] ACPI: AC Adapter [AC] (on-line)
[    4.542377] input: Power Button as /devices/LNXSYSTM:00/LNXPWRBN:00/input/input0
[    4.545100] ACPI: Power Button [PWRF]
[    4.546645] input: Sleep Button as /devices/LNXSYSTM:00/LNXSLPBN:00/input/input1
[    4.549365] ACPI: Sleep Button [SLPF]
[    4.552058] ACPI: Battery Slot [BAT0] (battery present)
[    4.554061] GHES: HEST is not enabled!
[    4.555655] Serial: 8250/16550 driver, 32 ports, IRQ sharing enabled
[    4.581535] 00:02: ttyS0 at I/O 0x3f8 (irq = 4, base_baud = 115200) is a 16550A
[    4.595362] Linux agpgart interface v0.103
[    4.599194] loop: module loaded
[    4.601616] scsi host0: ata_piix
[    4.673262] scsi host1: ata_piix
[    4.731359] ata1: PATA max UDMA/33 cmd 0x1f0 ctl 0x3f6 bmdma 0xd000 irq 14
[    4.772566] ata2: PATA max UDMA/33 cmd 0x170 ctl 0x376 bmdma 0xd008 irq 15
[    4.775380] libphy: Fixed MDIO Bus: probed
[    4.851811] tun: Universal TUN/TAP device driver, 1.6
[    4.853572] tun: (C) 1999-2004 Max Krasnyansky <maxk@qualcomm.com>
[    4.871925] PPP generic driver version 2.4.2
[    4.891708] ehci_hcd: USB 2.0 'Enhanced' Host Controller (EHCI) Driver
[    4.893845] ehci-pci: EHCI PCI platform driver
[    4.895461] ehci-platform: EHCI generic platform driver
[    4.897398] ohci_hcd: USB 1.1 'Open' Host Controller (OHCI) Driver
[    4.921541] ohci-pci: OHCI PCI platform driver
[    4.952183] ohci-platform: OHCI generic platform driver
[    4.954023] uhci_hcd: USB Universal Host Controller Interface driver
[    4.956180] i8042: PNP: PS/2 Controller [PNP0303:PS2K,PNP0f03:PS2M] at 0x60,0x64 irq 1,12
[    4.959838] serio: i8042 KBD port at 0x60,0x64 irq 1
[    4.982247] serio: i8042 AUX port at 0x60,0x64 irq 12
[    4.984213] mousedev: PS/2 mouse device common for all mice
[    4.986615] input: AT Translated Set 2 keyboard as /devices/platform/i8042/serio0/input/input2
[    4.990314] rtc_cmos rtc_cmos: rtc core: registered rtc_cmos as rtc0
[    5.072413] rtc_cmos rtc_cmos: alarms up to one day, 114 bytes nvram
[    5.112146] i2c /dev entries driver
[    5.121299] device-mapper: uevent: version 1.0.3
[    5.172122] device-mapper: ioctl: 4.34.0-ioctl (2015-10-28) initialised: dm-devel@redhat.com
[    5.175154] ledtrig-cpu: registered to indicate activity on CPUs
[    5.192993] NET: Registered protocol family 10
[    5.194954] NET: Registered protocol family 17
[    5.251747] Key type dns_resolver registered
[    5.272604] registered taskstats version 1
[    5.274182] Loading compiled-in X.509 certificates
[    5.292782] Loaded X.509 cert 'Build time autogenerated kernel key: bdcb03bd89688fd1ecb3c1b37e77d69239145881'
[    5.399516] zswap: loaded using pool lzo/zbud
[    5.410028] Key type trusted registered
[    5.425126] Key type encrypted registered
[    5.429866] AppArmor: AppArmor sha1 policy hashing enabled
[    5.435288] ima: No TPM chip found, activating TPM-bypass!
[    5.440326] ima: Allocated hash algorithm: sha1
[    5.444946] evm: HMAC attrs: 0x1
[    5.449294]   Magic number: 3:134:136
[    5.453839] rtc_cmos rtc_cmos: setting system clock to 2019-09-18 16:07:40 UTC (1568822860)
[    5.460949] BIOS EDD facility v0.16 2004-Jun-25, 0 devices found
[    5.465689] EDD information not available.
[    5.471752] Freeing unused kernel memory: 1488K
[    5.483835] Write protecting the kernel read-only data: 14336k
[    5.503205] Freeing unused kernel memory: 1608K
[    5.505204] Freeing unused kernel memory: 64K
Loading, please [    5.531623] random: systemd-udevd: uninitialized urandom read (16 bytes read, 3 bits of entropy available)
wait...
starting version 229
[    5.565967] random: udevadm: uninitialized urandom read (16 bytes read, 3 bits of entropy available)
[    5.682189] random: systemd-udevd: uninitialized urandom read (16 bytes read, 3 bits of entropy available)
[    5.842738] random: udevadm: uninitialized urandom read (16 bytes read, 3 bits of entropy available)
[    5.869345] random: udevadm: uninitialized urandom read (16 bytes read, 3 bits of entropy available)
[    5.943455] random: systemd-udevd: uninitialized urandom read (16 bytes read, 3 bits of entropy available)
[    5.982264] random: udevadm: uninitialized urandom read (16 bytes read, 3 bits of entropy available)
[    5.985722] random: udevadm: uninitialized urandom read (16 bytes read, 3 bits of entropy available)
[    5.989381] random: udevadm: uninitialized urandom read (16 bytes read, 3 bits of entropy available)
[    6.042608] random: systemd-udevd: uninitialized urandom read (16 bytes read, 3 bits of entropy available)
[    6.209083] Fusion MPT base driver 3.04.20
[    6.232052] Copyright (c) 1999-2008 LSI Corporation
[    6.314766] e1000: Intel(R) PRO/1000 Network Driver - version 7.3.21-k8-NAPI
[    6.332862] e1000: Copyright (c) 1999-2006 Intel Corporation.
[    6.431612] Fusion MPT SPI Host driver 3.04.20
[    6.550220] input: ImExPS/2 Generic Explorer Mouse as /devices/platform/i8042/serio1/input/input4
[    6.934911] e1000 0000:00:03.0 eth0: (PCI:33MHz:32-bit) 02:21:78:00:d6:19
[    6.952720] e1000 0000:00:03.0 eth0: Intel(R) PRO/1000 Network Connection
[    6.956058] mptbase: ioc0: Initiating bringup
[    7.020413] ioc0: LSI53C1030 A0: Capabilities={Initiator}
[    7.213081] scsi host2: ioc0: LSI53C1030 A0, FwRev=00000000h, Ports=1, MaxQ=256, IRQ=20
[    7.347741] scsi 2:0:0:0: Direct-Access     VBOX     HARDDISK         1.0  PQ: 0 ANSI: 5
[    7.542489] scsi target2:0:0: Beginning Domain Validation
[    7.744197] scsi target2:0:0: Domain Validation skipping write tests
[    7.821984] scsi target2:0:0: Ending Domain Validation
[    7.966209] scsi target2:0:0: asynchronous
[    8.096212] scsi 2:0:1:0: Direct-Access     VBOX     HARDDISK         1.0  PQ: 0 ANSI: 5
[    8.128230] scsi target2:0:1: Beginning Domain Validation
[    8.258045] scsi target2:0:1: Domain Validation skipping write tests
[    8.367344] scsi target2:0:1: Ending Domain Validation
[    8.465297] scsi target2:0:1: asynchronous
[    8.498817] sd 2:0:0:0: Attached scsi generic sg0 type 0
[    8.531354] sd 2:0:0:0: [sda] 20971520 512-byte logical blocks: (10.7 GB/10.0 GiB)
[    8.559277] sd 2:0:0:0: [sda] Write Protect is off
[    8.612508] e1000 0000:00:08.0 eth1: (PCI:33MHz:32-bit) 08:00:27:72:ce:56
[    8.614712] e1000 0000:00:08.0 eth1: Intel(R) PRO/1000 Network Connection
[    8.662139] sd 2:0:1:0: [sdb] 20480 512-byte logical blocks: (10.5 MB/10.0 MiB)
[    8.683170] sd 2:0:1:0: Attached scsi generic sg1 type 0
[    8.712041] sd 2:0:1:0: [sdb] Write Protect is off
[    8.713947] sd 2:0:1:0: [sdb] Incomplete mode parameter data
[    8.715877] sd 2:0:1:0: [sdb] Assuming drive cache: write through
[    8.719237] sd 2:0:0:0: [sda] Incomplete mode parameter data
[    8.721232] sd 2:0:0:0: [sda] Assuming drive cache: write through
[    8.725956] e1000 0000:00:08.0 enp0s8: renamed from eth1
[    8.745451] e1000 0000:00:03.0 enp0s3: renamed from eth0
[    8.811906]  sda: sda1
[    8.814251] sd 2:0:1:0: [sdb] Attached SCSI disk
[    8.816064] sd 2:0:0:0: [sda] Attached SCSI disk
Begin: Loading e[   10.585587] md: linear personality registered for level -1
ssential drivers ... [   10.728795] md: multipath personality registered for level -4
[   10.778345] md: raid0 personality registered for level 0
[   10.810217] md: raid1 personality registered for level 1
[   10.940504] raid6: sse2x1   gen()  4407 MB/s
[   11.020488] raid6: sse2x1   xor()  3055 MB/s
[   11.130516] raid6: sse2x2   gen()  5526 MB/s
[   11.259745] raid6: sse2x2   xor()  3245 MB/s
[   11.370528] raid6: sse2x4   gen()  6448 MB/s
[   11.520501] raid6: sse2x4   xor()  4811 MB/s
[   11.541702] raid6: using algorithm sse2x4 gen() 6448 MB/s
[   11.543520] raid6: .... xor() 4811 MB/s, rmw enabled
[   11.545278] raid6: using ssse3x2 recovery algorithm
[   11.555850] xor: measuring software checksum speed
[   11.595616]    prefetch64-sse:  8964.000 MB/sec
[   11.635834]    generic_sse:  6086.000 MB/sec
[   11.639335] xor: using function: prefetch64-sse (8964.000 MB/sec)
[   11.648869] async_tx: api initialized (async)
[   11.688195] md: raid6 personality registered for level 6
[   11.692250] md: raid5 personality registered for level 5
[   11.696044] md: raid4 personality registered for level 4
[   11.713797] md: raid10 personality registered for level 10
done.
Begin: Running /scripts/init-premount ... done.
Begin: Mounting root file system ... Begin: Running /scripts/local-top ... done.
Begin: Running /scripts/local-premount ... [   11.795760] Btrfs loaded
Scanning for Btrfs filesystems
done.
Warning: fsck not present, so skipping root file system
[   11.904422] EXT4-fs (sda1): mounted filesystem with ordered data mode. Opts: (null)
done.
Begin: Running /scripts/local-bottom ... done.
Begin: Running /scripts/init-bottom ... done.
[   12.826453] systemd[1]: systemd 229 running in system mode. (+PAM +AUDIT +SELINUX +IMA +APPARMOR +SMACK +SYSVINIT +UTMP +LIBCRYPTSETUP +GCRYPT +GNUTLS +ACL +XZ -LZ4 +SECCOMP +BLKID +ELFUTILS +KMOD -IDN)
[   12.876078] systemd[1]: Detected virtualization oracle.
[   12.879475] systemd[1]: Detected architecture x86-64.

Welcome to [1mUbuntu 16.04.6 LTS[0m!

[   12.960791] systemd[1]: Set hostname to <ubuntu>.
[   13.046810] systemd[1]: Initializing machine ID from random generator.
[   13.161588] systemd[1]: Installed transient /etc/machine-id file.
[   13.228548] random: nonblocking pool is initialized
[   14.301750] systemd[1]: Listening on Journal Socket.
[[0;32m  OK  [0m] Listening on Journal Socket.
[   14.384069] systemd[1]: Listening on Device-mapper event daemon FIFOs.
[[0;32m  OK  [0m] Listening on Device-mapper event daemon FIFOs.
[   14.388722] systemd[1]: Reached target System Time Synchronized.
[[0;32m  OK  [0m] Reached target System Time Synchronized.
[   14.396364] systemd[1]: Set up automount Arbitrary Executable File Formats File System Automount Point.
[[0;32m  OK  [0m] Set up automount Arbitrary Executab...ats File System Automount Point.
[   14.415753] systemd[1]: Listening on Journal Socket (/dev/log).
[[0;32m  OK  [0m] Listening on Journal Socket (/dev/log).
[   14.452678] systemd[1]: Started Trigger resolvconf update for networkd DNS.
[[0;32m  OK  [0m] Started Trigger resolvconf update for networkd DNS.
[   14.475657] systemd[1]: Listening on Syslog Socket.
[[0;32m  OK  [0m] Listening on Syslog Socket.
[   14.479725] systemd[1]: Listening on udev Kernel Socket.
[[0;32m  OK  [0m] Listening on udev Kernel Socket.
[   14.534556] systemd[1]: Reached target Encrypted Volumes.
[[0;32m  OK  [0m] Reached target Encrypted Volumes.
[   14.538941] systemd[1]: Started Forward Password Requests to Wall Directory Watch.
[[0;32m  OK  [0m] Started Forward Password Requests to Wall Directory Watch.
[   14.554890] systemd[1]: Listening on udev Control Socket.
[[0;32m  OK  [0m] Listening on udev Control Socket.
[   14.621157] systemd[1]: Listening on Journal Audit Socket.
[[0;32m  OK  [0m] Listening on Journal Audit Socket.
[   14.665453] systemd[1]: Listening on LVM2 poll daemon socket.
[[0;32m  OK  [0m] Listening on LVM2 poll daemon socket.
[   14.710829] systemd[1]: Listening on LVM2 metadata daemon socket.
[[0;32m  OK  [0m] Listening on LVM2 metadata daemon socket.
[   14.716097] systemd[1]: Created slice User and Session Slice.
[[0;32m  OK  [0m] Created slice User and Session Slice.
[   14.816143] systemd[1]: Listening on /dev/initctl Compatibility Named Pipe.
[[0;32m  OK  [0m] Listening on /dev/initctl Compatibility Named Pipe.
[   14.821960] systemd[1]: Created slice System Slice.
[[0;32m  OK  [0m] Created slice System Slice.
[   14.828297] systemd[1]: Mounting Debug File System...
         Mounting Debug File System...
[   14.885789] systemd[1]: Mounting POSIX Message Queue File System...
         Mounting POSIX Message Queue File System...
[   14.974220] systemd[1]: Starting Load Kernel Modules...
         Starting Load Kernel Modules...
[   15.026760] systemd[1]: Starting Set console keymap...
         Starting Set console keymap...
[   15.039025] systemd[1]: Starting Remount Root and Kernel File Systems...
         Starting Remount Root and Kernel File Systems...
[   15.050640] systemd[1]: Starting Journal Service...
         Starting Journal Service...
[   15.056491] systemd[1]: Created slice system-serial\x2dgetty.slice.
[[0;32m  OK  [0m] Created slice system-serial\x2dgetty.slice.
[   15.074226] EXT4-fs (sda1): re-mounted. Opts: (null)
[   15.161686] systemd[1]: Reached target Slices.
[[0;32m  OK  [0m] Reached target Slices.
[   15.322737] systemd[1]: Mounting Huge Pages File System...
         Mounting Huge Pages File System...
[   15.418833] systemd[1]: Starting Uncomplicated firewall...
[   15.447285] Loading iSCSI transport class v2.0-870.
         Starting Uncomplicated firewall.[   15.535243] iscsi: registered transport (tcp)
..
[   15.592281] systemd[1]: Reached target User and Group Name Lookups.
[[0;32m  OK  [0m] Reached target User and Group Name Lookups.
[   15.614228] systemd[1]: Starting Nameserver information manager...
         Starting Nameserver information manager...
[   15.652786] systemd[1]: Reached target Swap.
[[0;32m  OK  [0m] Reached target Swap.
[   15.658078] systemd[1]: Starting Create list of required static device nodes for the current kernel...
         Starting Create list of required st... nodes for the current kernel...
[   15.668784] systemd[1]: Starting Monitoring of LVM2 mirrors, snapshots etc. using dmeventd or progress polling...
         Starting Monitoring of LVM2 mirrors... dmeventd or progress polling...
[   15.685261] systemd[1]: Mounted POSIX Message Queue File System.
[[0;32m  OK  [0m] Mounted POSIX Message Queue File System.
[   15.789862] systemd[1]: Mounted Debug File System.
[[0;32m  OK  [0m] Mounted Debug File System.
[   15.797153] systemd[1]: Mounted Huge Pages File System.
[[0;32m  OK  [0m] Mounted Huge Pages File System.
[   15.808563] systemd[1]: Started Journal Service.
[[0;32m  OK  [0m] Started Journal Service.
[[0;32m  OK  [0m] Started Set console keymap.
[[0;32m  OK  [0m] Started Remount Root and Kernel File Systems.
[[0;32m  OK  [0[   15.978275] iscsi: registered transport (iser)
m] Started Uncomplicated firewall.
[[0;32m  OK  [0m] Started Create list of required sta...ce nodes for the current kernel.
[[0;32m  OK  [0m] Started Load Kernel Modules.
[[0;32m  OK  [0m] Started Nameserver information manager.
[[0;32m  OK  [0m] Started LVM2 metadata daemon.
         Starting Apply Kernel Variables...
         Mounting FUSE Control File System...
         Starting Create Static Device Nodes in /dev...
         Starting Load/Save Random Seed...
         Starting udev Coldplug all Devices...
         Starting Flush Journal to Persistent Storage...
[[0;32m  OK  [0m] Mounted FUSE Control File System.
[[0;32m  OK  [0m] Started Apply Kernel Variables.
[[0;32m  OK  [0m] Started Load/Save Random Seed.
[[0;32m  OK  [0m] Started Create Static Device Nodes in /dev.
[[0;32m  OK  [0m] Started udev Coldplug all Devices.
[[0;32m  OK  [0m] Started Monitoring of LVM2 mirrors,...ng dmeventd or progress polling.
[[0;32m  OK  [0m] Started Flush Journal to Persistent Storage.
         Starting udev Kernel Device Manager...
[[0;32m  OK  [0m] Reached target Local File Systems (Pre).
[[0;32m  OK  [0m] Reached target Local File Systems.
         Starting LSB: AppArmor initialization...
         Starting Create Volatile Files and Directories...
         Starting Commit a transient machine-id on disk...
         Starting Tell Plymouth To Write Out Runtime Data...
         Starting Initial cloud-init job (pre-networking)...
         Starting Set console font and keymap...
[[0;32m  OK  [0m] Started Create Volatile Files and Directories.
[[0;32m  OK  [0m] Started Commit a transient machine-id on disk.
[[0;32m  OK  [0m] Started Tell Plymouth To Write Out Runtime Data.
         Starting Update UTMP about System Boot/Shutdown...
[[0;32m  OK  [0m] Started Update UTMP about System Boot/Shutdown.
[[0;32m  OK  [0m] Started udev Kernel Device Manager.
[[0;32m  OK  [0m] Started Dispatch Password Requests to Console Directory Watch.
[[0;32m  OK  [0m] Found device /dev/ttyS0.
[[0;32m  OK  [0m] Listening on Load/Save RF Kill Switch Status /dev/rfkill Watch.
[[0;32m  OK  [0m] Started Set console font and keymap.
[[0;32m  OK  [0m] Created slice system-getty.slice.
[[0;32m  OK  [0m] Started LSB: AppArmor initialization.
[   22.325147] cloud-init[471]: Cloud-init v. 19.2-24-ge7881d5c-0ubuntu1~16.04.1 running 'init-local' at Wed, 18 Sep 2019 16:07:58 +0000. Up 21.09 seconds.
[[0;32m  OK  [0m] Started Initial cloud-init job (pre-networking).
[[0;32m  OK  [0m] Reached target Network (Pre).
         Starting Raise network interfaces...
[[0;32m  OK  [0m] Started Raise network interfaces.
[[0;32m  OK  [0m] Reached target Network.
         Starting Initial cloud-init job (metadata service crawler)...
[   26.162142] cloud-init[958]: Cloud-init v. 19.2-24-ge7881d5c-0ubuntu1~16.04.1 running 'init' at Wed, 18 Sep 2019 16:08:01 +0000. Up 23.68 seconds.
[   26.225800] cloud-init[958]: ci-info: ++++++++++++++++++++++++++++++++++++++Net device info+++++++++++++++++++++++++++++++++++++++
[   26.266335] cloud-init[958]: ci-info: +--------+-------+----------------------------+---------------+--------+-------------------+
[   26.282518] cloud-init[958]: ci-info: | Device |   Up  |          Address           |      Mask     | Scope  |     Hw-Address    |
[   26.297406] cloud-init[958]: ci-info: +--------+-------+----------------------------+---------------+--------+-------------------+
[[0;32m  OK  [0m] Started Initial cloud-init job (metadata service crawler).[   26.323184] cloud-init[958]: ci-info: | enp0s3 |  True |         10.0.2.15          | 255.255.255.0 | global | 02:21:78:00:d6:19 |
[[0;32m  OK  [0m
[   26.341354] cloud-init[958]: ] Reached target System Initialization.
[[0;32m  OK  [0mci-info: | enp0s3 |  True | fe80::21:78ff:fe00:d619/64 |       .       |  link  | 02:21:78:00:d6:19 |] Listening on D-Bus System Message Bus Socket.
         Starting Socket activation for snappy daemon.
[   26.363145] cloud-init[958]: ci-info: | enp0s8 | False |             .              |       .       |   .    | 08:00:27:72:ce:56 |
[[0;32m  OK  [0m] Started Daily apt download activities.
[   26.377532] cloud-init[958]: ci-info: |   lo   |  True |         127.0.0.1          |   255.0.0.0   |  host  |         .         |
[[0;32m  OK  [0m] Started Daily Cleanup of Temporary Directories.

[[0;32m  OK  [0m] Started ACPI Events Check.[   26.408918] cloud-init[958]: ci-info: |   lo   |  True |          ::1/128           |       .       |  host  |         .         |
[[0;32m  OK  [0m] Reached target Paths.

[   26.424404] cloud-init[958]: ci-info: +--------+-------+----------------------------+---------------+--------+-------------------+
[   26.438808]          Starting LXD - unix socket.
[cloud-init[958]: ci-info: +++++++++++++++++++++++++++Route IPv4 info++++++++++++++++++++++++++++
[   26.446287] cloud-init[958]: ci-info: +-------+-------------+----------+---------------+-----------+-------+
[   26.446414] cloud-init[958]: ci-info: | Route | Destination | Gateway  |    Genmask    | Interface | Flags |
[   26.446520] cloud-init[958]: ci-info: +-------+-------------+----------+---------------+-----------+-------+
[   26.446615] cloud-init[958]: ci-info: |   0   |   0.0.0.0   | 10.0.2.2 |    0.0.0.0    |   enp0s3  |   UG  |
[   26.446719] cloud-init[958]: ci-info: |   1   |   10.0.2.0  | 0.0.0.0  | 255.255.255.0 |   enp0s3  |   U   |
[   26.446814] cloud-init[958]: ci-info: +-------+-------------+----------+---------------+-----------+-------+
[   26.446907] cloud-init[958]: ci-info: +++++++++++++++++++Route IPv6 info+++++++++++++++++++
[   26.447001] cloud-init[958]: ci-info: +-------+-------------+---------+-----------+-------+
[   26.447096] cloud-init[958]: ci-info: | Route | Destination | Gateway | Interface | Flags |
[   26.447190] cloud-init[958]: ci-info: +-------+-------------+---------+-----------+-------+
[   26.447283] cloud-init[958]: ci-info: |   0   |  fe80::/64  |    ::   |   enp0s3  |   U   |
[   26.447427] cloud-init[958]: ci-info: |   3   |   ff00::/8  |    ::   |   enp0s3  |   U   |
[   26.447528] cloud-init[958]: ci-info: +-------+-------------+---------+-----------+-------+
[   26.447620] cloud-init[958]: Generating public/private rsa key pair.
[   26.447723] cloud-init[958]: Your identification has been saved in /etc/ssh/ssh_host_rsa_key.
[   26.447818] cloud-init[958]: Your public key has been saved in /etc/ssh/ssh_host_rsa_key.pub.
[   26.447911] cloud-init[958]: The key fingerprint is:
[   26.448025] cloud-init[958]: SHA256:9BnMsE1VpxY22bajxw7pGNyusPWgWHW/2uc7l5M0tgI root@ubuntu-xenial
[   26.448122] cloud-init[958]: The key's randomart image is:
[   26.448217] cloud-init[958]: +---[RSA 2048]----+
[   26.448313] cloud-init[958]: |        . ....=o.|
[   26.448405] cloud-init[958]: |         B   ..=o|
[0;32m  OK  [0m] Listening on ACPID Listen Socket.
[[0;32m  OK  [0m] Listening on UUID daemon activation socket.
[[0;32m  OK  [0m] Started Daily apt upgrade and clean activities.
[[0;32m  OK  [0m] Reached target Timers.
[[0;32m  OK  [0m] Reached target Cloud-config availability.
[[0;32m  OK  [0m] Reached target Network is Online.
         Starting iSCSI initiator daemon (iscsid)...
[[0;32m  OK  [0m] Listening on Socket activation for snappy daemon.
[[0;32m  OK  [0m] Listening on LXD - unix socket.
[[0;32m  OK  [0m] Reached target Sockets.
[[0;32m  OK  [0m] Reached target Basic System.
[   26.448497] cloud-init[958]: |        o =   o..|
         Starting LSB: MD monitoring daemon...[   26.685005] cloud-init[958]: |       . . o . o |
[[0;32m  OK  [0m] Started FUSE filesystem for LXC.
[   26.694058] cloud-init[958]: |        S +...+ .|
[   26.697489] cloud-init[958]: |          .E.=.* |
[[0;32m  OK  [0m
[   26.706115] cloud-init[958]: ] Started Deferred execution scheduler.|         o o* *.=|
[   26.719359] 
         Starting Virtualbox guest utils...
         Starting LXD - container startup/shutdown...cloud-init[958]: |        o =.o+.B+|

[   26.759973]          Starting Pollinate to seed the pseudo random number generator...
cloud-init[958]: |       . o ..oo=B|
[   26.801626] cloud-init[958]: +----[SHA256]-----+
[   26.804575] cloud-init[958]: Generating public/private dsa key pair.
[   26.816559] cloud-init[958]: Your identification has been saved in /etc/ssh/ssh_host_dsa_key.
         Starting Accounts Service...
[   26.851499] cloud-init[958]: Your public key has been saved in /etc/ssh/ssh_host_dsa_key.pub.[[0;32m  OK  [0m
[   26.861640] cloud-init[958]: The key fingerprint is:] Started D-Bus System Message Bus.

[   26.879056] cloud-init[958]: SHA256:Uyb8YpgZ32+yWUhSog3fs8uEFjwhkOp+yBifr0sj0b4 root@ubuntu-xenial
[   26.887832] cloud-init[958]: The key's randomart image is:
[   26.893085] cloud-init[958]: +---[DSA 1024]----+
[   26.902914] cloud-init[958]: |    ..           |
[   26.910410] cloud-init[958]: |    .. .         |
[   26.915772] cloud-init[958]: |   .  + = +      |
[   26.920939] cloud-init[958]: | ..    & @       |
[   26.928473] cloud-init[958]: |...   = S *      |
[   26.933947] cloud-init[958]: |.o.    . O =     |
[   26.938784] cloud-init[958]: |.*+o    o = +    |
[   26.943952] cloud-init[958]: |.o*o.  . o B     |
[   26.950490] cloud-init[958]: |  E=.     =      |
[   26.956402] cloud-init[958]: +----[SHA256]-----+
[   26.982759] cloud-init[958]: Generating public/private ecdsa key pair.
[   27.004618] cloud-init[958]: Your identification has been saved in /etc/ssh/ssh_host_ecdsa_key.
[   27.011986] cloud-init[958]: Your public key has been saved in /etc/ssh/ssh_host_ecdsa_key.pub.
[   27.018508] cloud-init[958]: The key fingerprint is:
[   27.023379] cloud-init[958]: SHA256:n5EGnFnBNcF025a2OfZ/oVQETg4IQoeWwuCEwTY4OTI root@ubuntu-xenial
[   27.032657] cloud-init[958]: The key's randomart image is:
[   27.037491] cloud-init[958]: +---[ECDSA 256]---+
[   27.042839] cloud-init[958]: |==o .ooo..+*=+o  |
[   27.047144] cloud-init[958]: |E+ o +o. =. *o +.|
[   27.053736] cloud-init[958]: |o=. o   =    oooo|
[   27.058147] cloud-init[958]: |         . .  .oo|
[   27.066804] cloud-init[958]: |        S +   .= |
[   27.073696] cloud-init[958]: |         o o ...o|
[   27.078902] cloud-init[958]: |          o . . o|
[   27.084883] cloud-init[958]: |             .  o|
[   27.089754] cloud-init[958]: |                o|
[   27.100558] cloud-init[958]: +----[SHA256]-----+
[   27.105374] cloud-init[958]: Generating public/private ed25519 key pair.
[   27.113069] cloud-init[958]: Your identification has been saved in /etc/ssh/ssh_host_ed25519_key.
[   27.127058] cloud-init[958]: Your public key has been saved in /etc/ssh/ssh_host_ed25519_key.pub.
[   27.145819] cloud-init[958]: The key fingerprint is:
[   27.148352] cloud-init[958]: SHA256:bj5IuD/E40R0+m9UF8HuI4VbpaiiWk+tGNHoDw4rSo4 root@ubuntu-xenial
[   27.170242] cloud-init[958]: The key's randomart image is:
[   27.183481] cloud-init[958]: +--[ED25519 256]--+
[   27.193354] cloud-init[958]: |             ... |
[   27.201561] cloud-init[958]: |      . .     o .|
[   27.206510] cloud-init[958]: |     . o     + + |
[   27.212088] cloud-init[958]: |      oo    + *  |
[   27.216838] cloud-init[958]: |     +o.S  o *   |
[   27.221640] cloud-init[958]: |    ..*oo.o o o  |
[   27.231178] cloud-init[958]: | .  .*=+++.  . . |
[   27.257985] cloud-init[958]: |+ . .==X..o      |
[   27.270445] cloud-init[958]: |Eo .oo+.=o       |
[   27.280934] cloud-init[958]: +----[SHA256]-----+
[[0;32m  OK  [0m] Started ACPI event daemon.
[[0;32m  OK  [0m] Started Regular background program processing daemon.
         Starting Login Service...
         Starting /etc/rc.local Compatibility...
         Starting LSB: Record successful boot for GRUB...
         Starting System Logging Service...
         Starting Snappy daemon...
[[0;32m  OK  [0m] Started /etc/rc.local Compatibility.
[[0;32m  OK  [0m] Started iSCSI initiator daemon (iscsid).
[[0;32m  OK  [0m] Started Login Service.
[[0;32m  OK  [0m] Started Unattended Upgrades Shutdown.
         Starting Authenticate and Authorize Users to Run Privileged Tasks...
         Starting Login to default iSCSI targets...
[[0;32m  OK  [0m] Started LSB: MD monitoring daemon.
[[0;32m  OK  [0m] Started LSB: Record successful boot for GRUB.
[[0;32m  OK  [0m] Started System Logging Service.
[[0;32m  OK  [0m] Started Virtualbox guest utils.
[[0;32m  OK  [0m] Started Login to default iSCSI targets.
[[0;32m  OK  [0m] Reached target Remote File Systems (Pre).
[[0;32m  OK  [0m] Reached target Remote File Systems.
         Starting LSB: Set the CPU Frequency Scaling governor to "ondemand"...
         Starting LSB: daemon to balance interrupts for SMP systems...
         Starting Permit User Sessions...
         Starting LSB: automatic crash report generation...
[[0;32m  OK  [0m] Started Authenticate and Authorize Users to Run Privileged Tasks.
[[0;32m  OK  [0m] Started Accounts Service.
[[0;32m  OK  [0m] Started Permit User Sessions.
         Starting Hold until boot process finishes up...
         Starting Terminate Plymouth Boot Screen...
[[0;32m  OK  [0m] Started Hold until boot process finishes up.
[[0;32m  OK  [0m] Started Terminate Plymouth Boot Screen.
[[0;32m  OK  [0m] Started LSB: Set the CPU Frequency Scaling governor to "ondemand".
         Starting Set console scheme...
[[0;32m  OK  [0m] Started Getty on tty1.
[[0;32m  OK  [0m] Started Serial Getty on ttyS0.
[[0;32m  OK  [0m] Reached target Login Prompts.
[[0;32m  OK  [0m] Started Set console scheme.
[[0;32m  OK  [0m] Started LSB: daemon to balance interrupts for SMP systems.
[[0;32m  OK  [0m] Started LSB: automatic crash report generation.
[[0;32m  OK  [0m] Started LXD - container startup/shutdown.
[[0;32m  OK  [0m] Started Snappy daemon.
         Starting Wait until snapd is fully seeded...
[[0;32m  OK  [0m] Started Pollinate to seed the pseudo random number generator.
         Starting OpenBSD Secure Shell server...
[[0;32m  OK  [0m] Started OpenBSD Secure Shell server.
[[0;32m  OK  [0m] Created slice User Slice of vagrant.
         Starting User Manager for UID 1000...
[[0;32m  OK  [0m] Started Session 1 of user vagrant.
[[0;32m  OK  [0m] Started User Manager for UID 1000.

Ubuntu 16.04.6 LTS ubuntu-xenial ttyS0

ubuntu-xenial login: [   41.229475] cloud-init[1554]: Generating locales (this might take a while)...
[   43.547239] cloud-init[1554]:   en_US.UTF-8... done
[   43.549438] cloud-init[1554]: Generation complete.
[   45.953819] cloud-init[1554]: Cloud-init v. 19.2-24-ge7881d5c-0ubuntu1~16.04.1 running 'modules:config' at Wed, 18 Sep 2019 16:08:18 +0000. Up 40.80 seconds.
ci-info: no authorized ssh keys fingerprints found for user ubuntu.
<14>Sep 18 16:08:25 ec2: 
<14>Sep 18 16:08:25 ec2: #############################################################
<14>Sep 18 16:08:25 ec2: -----BEGIN SSH HOST KEY FINGERPRINTS-----
<14>Sep 18 16:08:25 ec2: 1024 SHA256:Uyb8YpgZ32+yWUhSog3fs8uEFjwhkOp+yBifr0sj0b4 root@ubuntu-xenial (DSA)
<14>Sep 18 16:08:25 ec2: 256 SHA256:n5EGnFnBNcF025a2OfZ/oVQETg4IQoeWwuCEwTY4OTI root@ubuntu-xenial (ECDSA)
<14>Sep 18 16:08:25 ec2: 256 SHA256:bj5IuD/E40R0+m9UF8HuI4VbpaiiWk+tGNHoDw4rSo4 root@ubuntu-xenial (ED25519)
<14>Sep 18 16:08:25 ec2: 2048 SHA256:9BnMsE1VpxY22bajxw7pGNyusPWgWHW/2uc7l5M0tgI root@ubuntu-xenial (RSA)
<14>Sep 18 16:08:25 ec2: -----END SSH HOST KEY FINGERPRINTS-----
<14>Sep 18 16:08:25 ec2: #############################################################
-----BEGIN SSH HOST KEY KEYS-----
ecdsa-sha2-nistp256 AAAAE2VjZHNhLXNoYTItbmlzdHAyNTYAAAAIbmlzdHAyNTYAAABBBB+WtOFy57WmmopBYoAOr4EvHnsUAH6Rp/a460XQY3UqN6+lAAi9yKZBEErERC+Bk6CHtjWszjXkgCijfzVAmjI= root@ubuntu-xenial
ssh-ed25519 AAAAC3NzaC1lZDI1NTE5AAAAICLJM+Yfw1uh1Oqfo6+lhXGtpuQY1/WASUTv+JgNxxNu root@ubuntu-xenial
ssh-rsa AAAAB3NzaC1yc2EAAAADAQABAAABAQCxz6G5D+qgwSEaz7UBTmPL+F5C24OnMgbF9KIPzJhEsW/mOho3+jWf+PFPBDhgrGMVxTZf+NjnG/OhWIL2kaNFDEa8pZ5udSRk/oSnDYu6ypXZlxFZq0Hs0TlnCb0oL3YRLho1FbIrYJqdjKevIKDaJ2axu3d/6XmHVuBUWWztmpHSxDpHsPiEDhjWRIu4sozK0DARdLg62lLRnrElnL7t+JAIG7HWXaOUxJP8ijFTu7Vk/xmgJrWnj9QdWN29OOF25He3YWsQxyjx4/fnOratkx/SUVNkBu0cvc5LPU3zQZ0U6EG/9bOz2CFn8tjlObyzOVl05Ybbx+GbAw7Kz2b/ root@ubuntu-xenial
-----END SSH HOST KEY KEYS-----
[   47.970065] cloud-init[1814]: Cloud-init v. 19.2-24-ge7881d5c-0ubuntu1~16.04.1 running 'modules:final' at Wed, 18 Sep 2019 16:08:25 +0000. Up 47.51 seconds.
[   47.970482] cloud-init[1814]: ci-info: no authorized ssh keys fingerprints found for user ubuntu.
[   47.970770] cloud-init[1814]: Cloud-init v. 19.2-24-ge7881d5c-0ubuntu1~16.04.1 finished at Wed, 18 Sep 2019 16:08:25 +0000. Datasource DataSourceNoCloud [seed=/dev/sdb][dsmode=net].  Up 47.95 seconds
         Stopping User Manager for UID 1000...
                Stopping Authenticate and Authorize Users to Run Privileged Tasks...
[[0;32m  OK  [0m] Closed Load/Save RF Kill Switch Status /dev/rfkill Watch.
         Stopping User Manager for UID 1000...
[[0;32m  OK  [0m] Stopped target Cloud-init target.
         Stopping Session 3 of user vagrant.
[[0;32m  OK  [0m] Stopped Execute cloud user/final scripts.
[[0;32m  OK  [0m] Stopped Apply the settings specified in o         Stopping Virtualbox guest utils...
         Stopping LSB: daemon to balance interrupts for SMP systems...
         Stopping LSB: Set the CPU Frequency Scaling governor to "ondemand"...
         Stopping FUSE filesystem for LXC...
         Stopping LXD - container startup/shutdown...
[[0;32m  OK  [0m] Stopped target Timers.
[[0;32m  OK  [0m] Stopped Daily Cleanup of Temporary Directories.
[[0;32m  OK  [0m] Stopped Daily apt upgrade and clean activities.
[[0;32m  OK  [0m] Stopped Daily apt download activities.
[[0;32m  OK  [0m] Stopped target System Time Synchronized.
[[0;32m  OK  [0m] Stopped Wait until snapd is fully seeded.
         Stopping ACPI event daemon...
         Stopping Deferred execution scheduler...
         Stopping Unattended Upgrades Shutdown...
         Stopping LSB: automatic crash report generation...
         Stopping Getty on tty1...
[[0;32m  OK  [0m] Unmounted /var/lib/lxcfs.
[[0;32m  OK  [0m] Stopped Accounts Service.
[[0;32m  OK  [0m] Stopped Deferred execution scheduler.
[[0;32m  OK  [0m] Stopped System Logging Service.
[[0;32m  OK  [0m] Stopped Regular background program processing daemon.
[[0;32m  OK  [0m] Stopped ACPI event daemon.
[[0;32m  OK  [0m] Stopped Unattended Upgrades Shutdown.
[[0;32m  OK  [0m] Stopped Authenticate and Authorize Users to Run Privileged Tasks.
[[0;32m  OK  [0m] Stopped Getty on tty1.
[[0;32m  OK  [0m] Stopped Serial Getty on ttyS0.
[[0;32m  OK  [0m] Stopped OpenBSD Secure Shell server.
[[0;32m  OK  [0m] Stopped User Manager for UID 1000.
[[0;32m  OK  [0m] Stopped Session 3 of user vagrant.
[[0;32m  OK  [0m] Stopped D-Bus System Message Bus.
[[0;32m  OK  [0m] Stopped FUSE filesystem for LXC.
[[0;32m  OK  [0m] Stopped LSB: MD monitoring daemon.
[[0;32m  OK  [0m] Stopped LSB: Set the CPU Frequency Scaling governor to "ondemand".
[[0;32m  OK  [0m] Stopped Virtualbox guest utils.
[[0;32m  OK  [0m] Stopped LXD - container startup/shutdown.
[[0;32m  OK  [0m] Stopped LSB: Record successful boot for GRUB.
[[0;32m  OK  [0m] Stopped LSB: daemon to balance interrupts for SMP systems.
[[0;32m  OK  [0m] Stopped LSB: automatic crash report generation.
[[0;32m  OK  [0m] Stopped User Manager for UID 1000.
[[0;32m  OK  [0m] Removed slice User Slice of vagrant.
[[0;32m  OK  [0m] Removed slice system-serial\x2dgetty.slice.
[[0;32m  OK  [0m] Removed slice system-getty.slice.
[[0;32m  OK  [0m] Stopped /etc/rc.local Compatibility.
         Stopping Permit User Sessions...
         Stopping Login Service...
[[0;32m  OK  [0m] Stopped Login Service.
[[0;32m  OK  [0m] Stopped LSB: Apache2 web server.
[[0;32m  OK  [0m] Stopped Permit User Sessions.
[[0;32m  OK  [0m] Stopped target Remote File Systems.
[[0;32m  OK  [0m] Stopped target Remote File Systems (Pre).
         Stopping Login to default iSCSI targets...
[[0;32m  OK  [0m] Stopped target User and Group Name Lookups.
[[0;32m  OK  [0m] Stopped target Basic System.
[[0;32m  OK  [0m] Stopped target Slices.
[[0;32m  OK  [0m] Removed slice User and Session Slice.
[[0;32m  OK  [0m] Stopped target Paths.
[[0;32m  OK  [0m] Stopped ACPI Events Check.
[[0;32m  OK  [0m] Stopped Dispatch Password Requests to Console Directory Watch.
[[0;32m  OK  [0m] Stopped Forward Password Requests to Wall Directory Watch.
[[0;32m  OK  [0m] Stopped target Sockets.
[[0;32m  OK  [0m] Closed ACPID Listen Socket.
[[0;32m  OK  [0m] Closed UUID daemon activation socket.
[[0;32m  OK  [0m] Closed LXD - unix socket.
[[0;32m  OK  [0m] Closed Syslog Socket.
[[0;32m  OK  [0m] Closed Socket activation for snappy daemon.
[[0;32m  OK  [0m] Closed D-Bus System Message Bus Socket.
[[0;32m  OK  [0m] Stopped target System Initialization.
[[0;32m  OK  [0m] Stopped target Encrypted Volumes.
         Stopping Update UTMP about System Boot/Shutdown...
[[0;32m  OK  [0m] Stopped target Swap.
         Stopping Load/Save Random Seed...
[[0;32m  OK  [0m] Stopped Commit a transient machine-id on disk.
[[0;32m  OK  [0m] Stopped Load/Save Random Seed.
[[0;32m  OK  [0m] Stopped Update UTMP about System Boot/Shutdown.
[[0;32m  OK  [0m] Stopped Login to default iSCSI targets.
         Stopping iSCSI initiator daemon (iscsid)...
[[0;32m  OK  [0m] Stopped Create Volatile Files and Directories.
[[0;32m  OK  [0m] Stopped iSCSI initiator daemon (iscsid).
[[0;32m  OK  [0m] Stopped target Network is Online.
[[0;32m  OK  [0m] Stopped Initial cloud-init job (metadata service crawler).
[[0;32m  OK  [0m] Stopped target Network.
         Stopping Raise network interfaces...
[[0;32m  OK  [0m] Stopped Raise network interfaces.
[[0;32m  OK  [0m] Stopped target Local File Systems.
         Unmounting /var/www/html...
         Unmounting /vagrant...
         Unmounting /run/user/1000...
[[0;32m  OK  [0m] Stopped Apply Kernel Variables.
[[0;32m  OK  [0m] Stopped Load Kernel Modules.
[[0;32m  OK  [0m] Stopped target Network (Pre).
[[0;32m  OK  [0m] Stopped Initial cloud-init job (pre-networking).
[[0;32m  OK  [0m] Unmounted /var/www/html.
[[0;32m  OK  [0m] Unmounted /vagrant.
[[0;32m  OK  [0m] Unmounted /run/user/1000.
[[0;32m  OK  [0m] Reached target Unmount All Filesystems.
[[0;32m  OK  [0m] Stopped target Local File Systems (Pre).
         Stopping Monitoring of LVM2 mirrors... dmeventd or progress polling...
[[0;32m  OK  [0m] Stopped Remount Root and Kernel File Systems.
[[0;32m  OK  [0m] Stopped Create Static Device Nodes in /dev.
[[0;32m  OK  [0m] Reached target Shutdown.
[  619.605059] reboot: Power down
