[    0.000000] Initializing cgroup subsys cpuset
[    0.000000] Initializing cgroup subsys cpu
[    0.000000] Initializing cgroup subsys cpuacct
[    0.000000] Linux version 4.4.0-161-generic (buildd@lcy01-amd64-018) (gcc version 5.4.0 20160609 (Ubuntu 5.4.0-6ubuntu1~16.04.10) ) #189-Ubuntu SMP Tue Aug 27 08:10:16 UTC 2019 (Ubuntu 4.4.0-161.189-generic 4.4.186)
[    0.000000] Command line: BOOT_IMAGE=/boot/vmlinuz-4.4.0-161-generic root=LABEL=cloudimg-rootfs ro console=tty1 console=ttyS0
[    0.000000] KERNEL supported cpus:
[    0.000000]   Intel GenuineIntel
[    0.000000]   AMD AuthenticAMD
[    0.000000]   Centaur CentaurHauls
[    0.000000] x86/fpu: Supporting XSAVE feature 0x01: 'x87 floating point registers'
[    0.000000] x86/fpu: Supporting XSAVE feature 0x02: 'SSE registers'
[    0.000000] x86/fpu: Enabled xstate features 0x3, context size is 576 bytes, using 'standard' format.
[    0.000000] e820: BIOS-provided physical RAM map:
[    0.000000] BIOS-e820: [mem 0x0000000000000000-0x000000000009fbff] usable
[    0.000000] BIOS-e820: [mem 0x000000000009fc00-0x000000000009ffff] reserved
[    0.000000] BIOS-e820: [mem 0x00000000000f0000-0x00000000000fffff] reserved
[    0.000000] BIOS-e820: [mem 0x0000000000100000-0x00000000181effff] usable
[    0.000000] BIOS-e820: [mem 0x00000000181f0000-0x00000000181fffff] ACPI data
[    0.000000] BIOS-e820: [mem 0x00000000fec00000-0x00000000fec00fff] reserved
[    0.000000] BIOS-e820: [mem 0x00000000fee00000-0x00000000fee00fff] reserved
[    0.000000] BIOS-e820: [mem 0x00000000fffc0000-0x00000000ffffffff] reserved
[    0.000000] NX (Execute Disable) protection: active
[    0.000000] SMBIOS 2.5 present.
[    0.000000] Hypervisor detected: KVM
[    0.000000] e820: last_pfn = 0x181f0 max_arch_pfn = 0x400000000
[    0.000000] MTRR: Disabled
[    0.000000] x86/PAT: MTRRs disabled, skipping PAT initialization too.
[    0.000000] CPU MTRRs all blank - virtualized system.
[    0.000000] x86/PAT: Configuration [0-7]: WB  WT  UC- UC  WB  WT  UC- UC  
[    0.000000] found SMP MP-table at [mem 0x0009fff0-0x0009ffff] mapped at [ffff88000009fff0]
[    0.000000] Scanning 1 areas for low memory corruption
[    0.000000] RAMDISK: [mem 0x16ae9000-0x17963fff]
[    0.000000] ACPI: Early table checksum verification disabled
[    0.000000] ACPI: RSDP 0x00000000000E0000 000024 (v02 VBOX  )
[    0.000000] ACPI: XSDT 0x00000000181F0030 00003C (v01 VBOX   VBOXXSDT 00000001 ASL  00000061)
[    0.000000] ACPI: FACP 0x00000000181F00F0 0000F4 (v04 VBOX   VBOXFACP 00000001 ASL  00000061)
[    0.000000] ACPI: DSDT 0x00000000181F0470 0021FF (v02 VBOX   VBOXBIOS 00000002 INTL 20180105)
[    0.000000] ACPI: FACS 0x00000000181F0200 000040
[    0.000000] ACPI: FACS 0x00000000181F0200 000040
[    0.000000] ACPI: APIC 0x00000000181F0240 000054 (v02 VBOX   VBOXAPIC 00000001 ASL  00000061)
[    0.000000] ACPI: SSDT 0x00000000181F02A0 0001CC (v01 VBOX   VBOXCPUT 00000002 INTL 20180105)
[    0.000000] No NUMA configuration found
[    0.000000] Faking a node at [mem 0x0000000000000000-0x00000000181effff]
[    0.000000] NODE_DATA(0) allocated [mem 0x181eb000-0x181effff]
[    0.000000] kvm-clock: Using msrs 4b564d01 and 4b564d00
[    0.000000] kvm-clock: cpu 0, msr 0:181e3001, primary cpu clock
[    0.000000] kvm-clock: using sched offset of 4310929268 cycles
[    0.000000] clocksource: kvm-clock: mask: 0xffffffffffffffff max_cycles: 0x1cd42e4dffb, max_idle_ns: 881590591483 ns
[    0.000000] Section 2 and 3 (node 0) have a circular dependency on usemap and pgdat allocations
[    0.000000] Zone ranges:
[    0.000000]   DMA      [mem 0x0000000000001000-0x0000000000ffffff]
[    0.000000]   DMA32    [mem 0x0000000001000000-0x00000000181effff]
[    0.000000]   Normal   empty
[    0.000000]   Device   empty
[    0.000000] Movable zone start for each node
[    0.000000] Early memory node ranges
[    0.000000]   node   0: [mem 0x0000000000001000-0x000000000009efff]
[    0.000000]   node   0: [mem 0x0000000000100000-0x00000000181effff]
[    0.000000] Initmem setup node 0 [mem 0x0000000000001000-0x00000000181effff]
[    0.000000] ACPI: PM-Timer IO Port: 0x4008
[    0.000000] IOAPIC[0]: apic_id 1, version 32, address 0xfec00000, GSI 0-23
[    0.000000] ACPI: INT_SRC_OVR (bus 0 bus_irq 0 global_irq 2 dfl dfl)
[    0.000000] ACPI: INT_SRC_OVR (bus 0 bus_irq 9 global_irq 9 low level)
[    0.000000] Using ACPI (MADT) for SMP configuration information
[    0.000000] smpboot: Allowing 1 CPUs, 0 hotplug CPUs
[    0.000000] PM: Registered nosave memory: [mem 0x00000000-0x00000fff]
[    0.000000] PM: Registered nosave memory: [mem 0x0009f000-0x0009ffff]
[    0.000000] PM: Registered nosave memory: [mem 0x000a0000-0x000effff]
[    0.000000] PM: Registered nosave memory: [mem 0x000f0000-0x000fffff]
[    0.000000] e820: [mem 0x18200000-0xfebfffff] available for PCI devices
[    0.000000] Booting paravirtualized kernel on KVM
[    0.000000] clocksource: refined-jiffies: mask: 0xffffffff max_cycles: 0xffffffff, max_idle_ns: 7645519600211568 ns
[    0.000000] setup_percpu: NR_CPUS:512 nr_cpumask_bits:512 nr_cpu_ids:1 nr_node_ids:1
[    0.000000] PERCPU: Embedded 34 pages/cpu @ffff880017e00000 s99544 r8192 d31528 u2097152
[    0.000000] Built 1 zonelists in Node order, mobility grouping on.  Total pages: 97136
[    0.000000] Policy zone: DMA32
[    0.000000] Kernel command line: BOOT_IMAGE=/boot/vmlinuz-4.4.0-161-generic root=LABEL=cloudimg-rootfs ro console=tty1 console=ttyS0
[    0.000000] PID hash table entries: 2048 (order: 2, 16384 bytes)
[    0.000000] Memory: 352760K/394808K available (8622K kernel code, 1335K rwdata, 4032K rodata, 1488K init, 1284K bss, 42048K reserved, 0K cma-reserved)
[    0.000000] SLUB: HWalign=64, Order=0-3, MinObjects=0, CPUs=1, Nodes=1
[    0.000000] Kernel/User page tables isolation: enabled
[    0.000000] Hierarchical RCU implementation.
[    0.000000] 	Build-time adjustment of leaf fanout to 64.
[    0.000000] 	RCU restricting CPUs from NR_CPUS=512 to nr_cpu_ids=1.
[    0.000000] RCU: Adjusting geometry for rcu_fanout_leaf=64, nr_cpu_ids=1
[    0.000000] NR_IRQS:33024 nr_irqs:256 16
[    0.000000] Console: colour VGA+ 80x25
[    0.000000] console [tty1] enabled
[    0.000000] console [ttyS0] enabled
[    0.000000] tsc: Detected 1496.597 MHz processor
[    0.633486] Calibrating delay loop (skipped) preset value.. 2993.19 BogoMIPS (lpj=5986388)
[    0.636518] pid_max: default: 32768 minimum: 301
[    0.638212] ACPI: Core revision 20150930
[    0.641554] ACPI: 2 ACPI AML tables successfully acquired and loaded
[    0.643973] Security Framework initialized
[    0.645516] Yama: becoming mindful.
[    0.646897] AppArmor: AppArmor initialized
[    0.648502] Dentry cache hash table entries: 65536 (order: 7, 524288 bytes)
[    0.651047] Inode-cache hash table entries: 32768 (order: 6, 262144 bytes)
[    0.653387] Mount-cache hash table entries: 1024 (order: 1, 8192 bytes)
[    0.655530] Mountpoint-cache hash table entries: 1024 (order: 1, 8192 bytes)
[    0.658077] Initializing cgroup subsys io
[    0.659587] Initializing cgroup subsys memory
[    0.661253] Initializing cgroup subsys devices
[    0.700742] Initializing cgroup subsys freezer
[    0.771291] Initializing cgroup subsys net_cls
[    0.772916] Initializing cgroup subsys perf_event
[    0.774580] Initializing cgroup subsys net_prio
[    0.776185] Initializing cgroup subsys hugetlb
[    0.900792] Initializing cgroup subsys pids
[    0.932492] mce: CPU supports 0 MCE banks
[    0.934109] process: using mwait in idle threads
[    0.935750] Last level iTLB entries: 4KB 512, 2MB 8, 4MB 8
[    0.937632] Last level dTLB entries: 4KB 512, 2MB 32, 4MB 32, 1GB 0
[    0.939664] Spectre V1 : Mitigation: usercopy/swapgs barriers and __user pointer sanitization
[    0.972652] Spectre V2 : Mitigation: Full generic retpoline
[    0.974674] Spectre V2 : Spectre v2 / SpectreRSB mitigation: Filling RSB on context switch
[    1.022544] Speculative Store Bypass: Vulnerable
[    1.041604] MDS: Vulnerable: Clear CPU buffers attempted, no microcode
[    1.104695] Freeing SMP alternatives memory: 36K
[    1.132514] ftrace: allocating 32318 entries in 127 pages
[    1.272649] smpboot: APIC(0) Converting physical 0 to logical package 0
[    1.341827] smpboot: Max logical packages: 1
[    1.343895] x2apic enabled
[    1.345507] Switched APIC routing to physical x2apic.
[    1.363433] ..TIMER: vector=0x30 apic1=0 pin1=2 apic2=-1 pin2=-1
[    1.472268] smpboot: CPU0: Intel(R) Celeron(R) CPU 1007U @ 1.50GHz (family: 0x6, model: 0x3a, stepping: 0x9)
[    1.513251] Performance Events: unsupported p6 CPU model 58 no PMU driver, software events only.
[    1.537385] KVM setup paravirtual spinlock
[    1.562675] x86: Booted up 1 node, 1 CPUs
[    1.564280] smpboot: Total of 1 processors activated (2993.19 BogoMIPS)
[    1.567139] devtmpfs: initialized
[    1.577757] evm: security.selinux
[    1.591757] evm: security.SMACK64
[    1.594295] evm: security.SMACK64EXEC
[    1.597048] evm: security.SMACK64TRANSMUTE
[    1.600047] evm: security.SMACK64MMAP
[    1.602718] evm: security.ima
[    1.605116] evm: security.capability
[    1.608709] clocksource: jiffies: mask: 0xffffffff max_cycles: 0xffffffff, max_idle_ns: 7645041785100000 ns
[    1.617121] futex hash table entries: 256 (order: 2, 16384 bytes)
[    1.622463] pinctrl core: initialized pinctrl subsystem
[    1.627201] RTC time: 23:30:17, date: 09/17/19
[    1.631700] NET: Registered protocol family 16
[    1.636273] cpuidle: using governor ladder
[    1.640195] cpuidle: using governor menu
[    1.643899] PCCT header not found.
[    1.647189] ACPI: bus type PCI registered
[    1.650760] acpiphp: ACPI Hot Plug PCI Controller Driver version: 0.5
[    1.656604] PCI: Using configuration type 1 for base access
[    1.665961] ACPI: Added _OSI(Module Device)
[    1.669741] ACPI: Added _OSI(Processor Device)
[    1.673531] ACPI: Added _OSI(3.0 _SCP Extensions)
[    1.677554] ACPI: Added _OSI(Processor Aggregator Device)
[    1.683151] ACPI: Executed 1 blocks of module-level executable AML code
[    1.689220] ACPI: Interpreter enabled
[    1.690670] ACPI: (supports S0 S5)
[    1.691979] ACPI: Using IOAPIC for interrupt routing
[    1.771464] PCI: Using host bridge windows from ACPI; if necessary, use "pci=nocrs" and report a bug
[    1.781264] ACPI: PCI Root Bridge [PCI0] (domain 0000 [bus 00-ff])
[    1.791943] acpi PNP0A03:00: _OSC: OS supports [ASPM ClockPM Segments MSI]
[    1.794186] acpi PNP0A03:00: _OSC: not requesting OS control; OS requires [ExtendedConfig ASPM ClockPM MSI]
[    1.797432] acpi PNP0A03:00: fail to add MMCONFIG information, can't access extended PCI configuration space under this bridge.
[    1.801660] PCI host bridge to bus 0000:00
[    1.803187] pci_bus 0000:00: root bus resource [io  0x0000-0x0cf7 window]
[    1.805354] pci_bus 0000:00: root bus resource [io  0x0d00-0xffff window]
[    1.807505] pci_bus 0000:00: root bus resource [mem 0x000a0000-0x000bffff window]
[    1.810250] pci_bus 0000:00: root bus resource [mem 0x18200000-0xfdffffff window]
[    1.827922] pci_bus 0000:00: root bus resource [bus 00-ff]
[    1.832773] pci 0000:00:01.1: legacy IDE quirk: reg 0x10: [io  0x01f0-0x01f7]
[    1.835042] pci 0000:00:01.1: legacy IDE quirk: reg 0x14: [io  0x03f6]
[    1.837123] pci 0000:00:01.1: legacy IDE quirk: reg 0x18: [io  0x0170-0x0177]
[    1.880836] pci 0000:00:01.1: legacy IDE quirk: reg 0x1c: [io  0x0376]
[    2.000589] pci 0000:00:07.0: quirk: [io  0x4000-0x403f] claimed by PIIX4 ACPI
[    2.246317] pci 0000:00:07.0: quirk: [io  0x4100-0x410f] claimed by PIIX4 SMB
[    2.332818] ACPI: PCI Interrupt Link [LNKA] (IRQs 5 9 10 *11)
[    2.369427] ACPI: PCI Interrupt Link [LNKB] (IRQs 5 9 *10 11)
[    2.498423] ACPI: PCI Interrupt Link [LNKC] (IRQs 5 *9 10 11)
[    2.627554] ACPI: PCI Interrupt Link [LNKD] (IRQs 5 9 10 *11)
[    2.722599] ACPI: Enabled 2 GPEs in block 00 to 07
[    2.731648] vgaarb: setting as boot device: PCI:0000:00:02.0
[    2.733694] vgaarb: device added: PCI:0000:00:02.0,decodes=io+mem,owns=io+mem,locks=none
[    2.744840] vgaarb: loaded
[    2.746112] vgaarb: bridge control possible 0000:00:02.0
[    2.748594] SCSI subsystem initialized
[    2.750279] ACPI: bus type USB registered
[    2.751882] usbcore: registered new interface driver usbfs
[    2.753942] usbcore: registered new interface driver hub
[    2.755856] usbcore: registered new device driver usb
[    2.758058] PCI: Using ACPI for IRQ routing
[    2.760215] NetLabel: Initializing
[    2.807106] NetLabel:  domain hash size = 128
[    2.844103] NetLabel:  protocols = UNLABELED CIPSOv4
[    2.847690] NetLabel:  unlabeled traffic allowed by default
[    2.849786] amd_nb: Cannot enumerate AMD northbridges
[    2.851613] clocksource: Switched to clocksource kvm-clock
[    2.864894] AppArmor: AppArmor Filesystem Enabled
[    2.868399] pnp: PnP ACPI init
[    2.871625] pnp: PnP ACPI: found 3 devices
[    2.880490] clocksource: acpi_pm: mask: 0xffffff max_cycles: 0xffffff, max_idle_ns: 2085701024 ns
[    2.902903] NET: Registered protocol family 2
[    2.904790] TCP established hash table entries: 4096 (order: 3, 32768 bytes)
[    2.907028] TCP bind hash table entries: 4096 (order: 4, 65536 bytes)
[    2.909120] TCP: Hash tables configured (established 4096 bind 4096)
[    2.915054] UDP hash table entries: 256 (order: 1, 8192 bytes)
[    2.916988] UDP-Lite hash table entries: 256 (order: 1, 8192 bytes)
[    2.919068] NET: Registered protocol family 1
[    2.950789] pci 0000:00:00.0: Limiting direct PCI/PCI transfers
[    2.983331] pci 0000:00:01.0: Activating ISA DMA hang workarounds
[    2.985607] Unpacking initramfs...
[    3.396757] Freeing initrd memory: 14828K
[    3.480836] RAPL PMU detected, API unit is 2^-32 Joules, 3 fixed counters 10737418240 ms ovfl timer
[    3.483886] hw unit of domain pp0-core 2^-0 Joules
[    3.485574] hw unit of domain package 2^-0 Joules
[    3.487250] hw unit of domain pp1-gpu 2^-0 Joules
[    3.488942] clocksource: tsc: mask: 0xffffffffffffffff max_cycles: 0x159293fc49d, max_idle_ns: 440795260237 ns
[    3.492336] platform rtc_cmos: registered platform RTC device (no PNP device found)
[    3.581399] Scanning for low memory corruption every 60 seconds
[    3.583849] audit: initializing netlink subsys (disabled)
[    3.585775] audit: type=2000 audit(1568763022.971:1): initialized
[    3.588386] Initialise system trusted keyring
[    3.590097] HugeTLB registered 2 MB page size, pre-allocated 0 pages
[    3.594607] zbud: loaded
[    3.631228] VFS: Disk quotas dquot_6.6.0
[    3.740827] VFS: Dquot-cache hash table entries: 512 (order 0, 4096 bytes)
[    3.762317] squashfs: version 4.0 (2009/01/31) Phillip Lougher
[    3.764764] fuse init (API version 7.23)
[    3.766503] Key type big_key registered
[    3.767972] Allocating IMA MOK and blacklist keyrings.
[    3.770294] Key type asymmetric registered
[    3.771805] Asymmetric key parser 'x509' registered
[    3.773605] Block layer SCSI generic (bsg) driver version 0.4 loaded (major 249)
[    3.776333] io scheduler noop registered
[    3.850985] io scheduler deadline registered (default)
[    3.852897] io scheduler cfq registered
[    3.854522] pci_hotplug: PCI Hot Plug PCI Core version: 0.5
[    3.856379] pciehp: PCI Express Hot Plug Controller Driver version: 0.4
[    3.858777] ACPI: AC Adapter [AC] (on-line)
[    3.860490] input: Power Button as /devices/LNXSYSTM:00/LNXPWRBN:00/input/input0
[    3.881464] ACPI: Power Button [PWRF]
[    3.889130] input: Sleep Button as /devices/LNXSYSTM:00/LNXSLPBN:00/input/input1
[    3.894381] ACPI: Sleep Button [SLPF]
[    3.898464] ACPI: Battery Slot [BAT0] (battery present)
[    3.902227] GHES: HEST is not enabled!
[    3.905254] Serial: 8250/16550 driver, 32 ports, IRQ sharing enabled
[    3.933720] 00:02: ttyS0 at I/O 0x3f8 (irq = 4, base_baud = 115200) is a 16550A
[    3.943481] Linux agpgart interface v0.103
[    3.950640] loop: module loaded
[    3.954846] scsi host0: ata_piix
[    3.964696] scsi host1: ata_piix
[    3.969243] ata1: PATA max UDMA/33 cmd 0x1f0 ctl 0x3f6 bmdma 0xd000 irq 14
[    3.977006] ata2: PATA max UDMA/33 cmd 0x170 ctl 0x376 bmdma 0xd008 irq 15
[    3.986987] libphy: Fixed MDIO Bus: probed
[    3.991644] tun: Universal TUN/TAP device driver, 1.6
[    3.996364] tun: (C) 1999-2004 Max Krasnyansky <maxk@qualcomm.com>
[    4.002530] PPP generic driver version 2.4.2
[    4.007612] ehci_hcd: USB 2.0 'Enhanced' Host Controller (EHCI) Driver
[    4.009826] ehci-pci: EHCI PCI platform driver
[    4.011524] ehci-platform: EHCI generic platform driver
[    4.013387] ohci_hcd: USB 1.1 'Open' Host Controller (OHCI) Driver
[    4.015475] ohci-pci: OHCI PCI platform driver
[    4.017164] ohci-platform: OHCI generic platform driver
[    4.091352] uhci_hcd: USB Universal Host Controller Interface driver
[    4.093594] i8042: PNP: PS/2 Controller [PNP0303:PS2K,PNP0f03:PS2M] at 0x60,0x64 irq 1,12
[    4.097277] serio: i8042 KBD port at 0x60,0x64 irq 1
[    4.100420] serio: i8042 AUX port at 0x60,0x64 irq 12
[    4.111753] mousedev: PS/2 mouse device common for all mice
[    4.114235] input: AT Translated Set 2 keyboard as /devices/platform/i8042/serio0/input/input2
[    4.202111] rtc_cmos rtc_cmos: rtc core: registered rtc_cmos as rtc0
[    4.270954] rtc_cmos rtc_cmos: alarms up to one day, 114 bytes nvram
[    4.311978] i2c /dev entries driver
[    4.313425] device-mapper: uevent: version 1.0.3
[    4.340867] device-mapper: ioctl: 4.34.0-ioctl (2015-10-28) initialised: dm-devel@redhat.com
[    4.352805] ledtrig-cpu: registered to indicate activity on CPUs
[    4.359242] NET: Registered protocol family 10
[    4.371244] NET: Registered protocol family 17
[    4.380933] Key type dns_resolver registered
[    4.382921] registered taskstats version 1
[    4.384520] Loading compiled-in X.509 certificates
[    4.387597] Loaded X.509 cert 'Build time autogenerated kernel key: bdcb03bd89688fd1ecb3c1b37e77d69239145881'
[    4.390975] zswap: loaded using pool lzo/zbud
[    4.395763] Key type trusted registered
[    4.403034] Key type encrypted registered
[    4.441108] AppArmor: AppArmor sha1 policy hashing enabled
[    4.442959] ima: No TPM chip found, activating TPM-bypass!
[    4.444898] ima: Allocated hash algorithm: sha1
[    4.446550] evm: HMAC attrs: 0x1
[    4.448369]   Magic number: 3:216:555
[    4.449866] rtc_cmos rtc_cmos: setting system clock to 2019-09-17 23:30:20 UTC (1568763020)
[    4.452877] BIOS EDD facility v0.16 2004-Jun-25, 0 devices found
[    4.454930] EDD information not available.
[    4.458813] Freeing unused kernel memory: 1488K
[    4.471756] Write protecting the kernel read-only data: 14336k
[    4.531403] Freeing unused kernel memory: 1608K
[    4.561407] Freeing unused kernel memory: 64K
Loading, please wait...
starting version[    4.588486] random: udevadm: uninitialized urandom read (16 bytes read, 3 bits of entropy available)
 229
[    4.614113] random: systemd-udevd: uninitialized urandom read (16 bytes read, 3 bits of entropy available)
[    4.617701] random: systemd-udevd: uninitialized urandom read (16 bytes read, 3 bits of entropy available)
[    4.661324] random: udevadm: uninitialized urandom read (16 bytes read, 3 bits of entropy available)
[    4.681069] random: systemd-udevd: uninitialized urandom read (16 bytes read, 3 bits of entropy available)
[    4.718288] random: udevadm: uninitialized urandom read (16 bytes read, 3 bits of entropy available)
[    4.730198] random: systemd-udevd: uninitialized urandom read (16 bytes read, 3 bits of entropy available)
[    4.803007] random: udevadm: uninitialized urandom read (16 bytes read, 3 bits of entropy available)
[    4.806433] random: udevadm: uninitialized urandom read (16 bytes read, 3 bits of entropy available)
[    4.809728] random: udevadm: uninitialized urandom read (16 bytes read, 3 bits of entropy available)
[    4.956354] e1000: Intel(R) PRO/1000 Network Driver - version 7.3.21-k8-NAPI
[    5.011988] e1000: Copyright (c) 1999-2006 Intel Corporation.
[    5.024176] Fusion MPT base driver 3.04.20
[    5.061993] Copyright (c) 1999-2008 LSI Corporation
[    5.222519] Fusion MPT SPI Host driver 3.04.20
[    5.303160] input: ImExPS/2 Generic Explorer Mouse as /devices/platform/i8042/serio1/input/input4
[    5.699434] e1000 0000:00:03.0 eth0: (PCI:33MHz:32-bit) 02:21:78:00:d6:19
[    5.771602] e1000 0000:00:03.0 eth0: Intel(R) PRO/1000 Network Connection
[    5.774875] mptbase: ioc0: Initiating bringup
[    5.840610] ioc0: LSI53C1030 A0: Capabilities={Initiator}
[    6.015562] scsi host2: ioc0: LSI53C1030 A0, FwRev=00000000h, Ports=1, MaxQ=256, IRQ=20
[    6.135749] scsi 2:0:0:0: Direct-Access     VBOX     HARDDISK         1.0  PQ: 0 ANSI: 5
[    6.162733] scsi target2:0:0: Beginning Domain Validation
[    6.165838] scsi target2:0:0: Domain Validation skipping write tests
[    6.167866] scsi target2:0:0: Ending Domain Validation
[    6.169714] scsi target2:0:0: asynchronous
[    6.171733] scsi 2:0:1:0: Direct-Access     VBOX     HARDDISK         1.0  PQ: 0 ANSI: 5
[    6.179721] scsi target2:0:1: Beginning Domain Validation
[    6.283287] scsi target2:0:1: Domain Validation skipping write tests
[    6.288728] scsi target2:0:1: Ending Domain Validation
[    6.340461] scsi target2:0:1: asynchronous
[    6.525476] sd 2:0:0:0: Attached scsi generic sg0 type 0
[    6.571466] sd 2:0:0:0: [sda] 20971520 512-byte logical blocks: (10.7 GB/10.0 GiB)
[    6.574526] sd 2:0:0:0: [sda] Write Protect is off
[    6.581987] sd 2:0:0:0: [sda] Incomplete mode parameter data
[    6.640617] sd 2:0:0:0: [sda] Assuming drive cache: write through
[    6.731506] sd 2:0:1:0: [sdb] 20480 512-byte logical blocks: (10.5 MB/10.0 MiB)
[    6.812169] sd 2:0:1:0: Attached scsi generic sg1 type 0
[    6.836112] sd 2:0:1:0: [sdb] Write Protect is off
[    6.838100] sd 2:0:1:0: [sdb] Incomplete mode parameter data
[    6.840050] sd 2:0:1:0: [sdb] Assuming drive cache: write through
[    6.865559]  sda: sda1
[    6.902009] sd 2:0:1:0: [sdb] Attached SCSI disk
[    6.904622] e1000 0000:00:08.0 eth1: (PCI:33MHz:32-bit) 08:00:27:e7:01:c8
[    6.906826] e1000 0000:00:08.0 eth1: Intel(R) PRO/1000 Network Connection
[    6.910888] e1000 0000:00:08.0 enp0s8: renamed from eth1
[    6.916432] e1000 0000:00:03.0 enp0s3: renamed from eth0
[    6.921288] sd 2:0:0:0: [sda] Attached SCSI disk
Begin: Loading e[    8.747539] md: linear personality registered for level -1
ssential drivers ... [    8.967688] md: multipath personality registered for level -4
[    8.975694] md: raid0 personality registered for level 0
[    8.986494] md: raid1 personality registered for level 1
[    9.069732] raid6: sse2x1   gen()  4423 MB/s
[    9.179718] raid6: sse2x1   xor()  3550 MB/s
[    9.279700] raid6: sse2x2   gen()  5537 MB/s
[    9.449722] raid6: sse2x2   xor()  3881 MB/s
[    9.569713] raid6: sse2x4   gen()  6421 MB/s
[    9.759707] raid6: sse2x4   xor()  4278 MB/s
[    9.801304] raid6: using algorithm sse2x4 gen() 6421 MB/s
[    9.861120] raid6: .... xor() 4278 MB/s, rmw enabled
[    9.862822] raid6: using ssse3x2 recovery algorithm
[    9.868326] xor: measuring software checksum speed
[    9.959696]    prefetch64-sse: 18860.000 MB/sec
[   10.189689]    generic_sse: 17530.000 MB/sec
[   10.270386] xor: using function: prefetch64-sse (18860.000 MB/sec)
[   10.334776] async_tx: api initialized (async)
[   10.364235] md: raid6 personality registered for level 6
[   10.440804] md: raid5 personality registered for level 5
[   10.442599] md: raid4 personality registered for level 4
[   10.457311] md: raid10 personality registered for level 10
done.
Begin: Running /scripts/init-premount ... done.
Begin: Mounting root file syst[   10.564873] Btrfs loaded
em ... Begin: Running /scripts/local-top ... done.
Begin: Running /scripts/local-premount ... Scanning for Btrfs filesystems
done.
Warning: f[   10.681805] EXT4-fs (sda1): INFO: recovery required on readonly filesystem
sck not present,[   10.831238] EXT4-fs (sda1): write access will be enabled during recovery
 so skipping root file system
[   11.272364] EXT4-fs (sda1): recovery complete
[   11.329035] EXT4-fs (sda1): mounted filesystem with ordered data mode. Opts: (null)
done.
Begin: Running /scripts/local-bottom ... done.
Begin: Running /scripts/init-bottom ... done.
[   11.960321] random: nonblocking pool is initialized
[   12.341238] systemd[1]: systemd 229 running in system mode. (+PAM +AUDIT +SELINUX +IMA +APPARMOR +SMACK +SYSVINIT +UTMP +LIBCRYPTSETUP +GCRYPT +GNUTLS +ACL +XZ -LZ4 +SECCOMP +BLKID +ELFUTILS +KMOD -IDN)
[   12.375299] systemd[1]: Detected virtualization oracle.
[   12.377121] systemd[1]: Detected architecture x86-64.

Welcome to [1mUbuntu 16.04.6 LTS[0m!

[   12.454953] systemd[1]: Set hostname to <dockerlocal>.
[   13.631468] systemd[1]: Set up automount Arbitrary Executable File Formats File System Automount Point.
[[0;32m  OK  [0m] Set up automount Arbitrary Executab...ats File System Automount Point.
[   13.675225] systemd[1]: Listening on LVM2 poll daemon socket.
[[0;32m  OK  [0m] Listening on LVM2 poll daemon socket.
[   13.679997] systemd[1]: Started Trigger resolvconf update for networkd DNS.
[[0;32m  OK  [0m] Started Trigger resolvconf update for networkd DNS.
[   13.684892] systemd[1]: Listening on udev Kernel Socket.
[[0;32m  OK  [0m] Listening on udev Kernel Socket.
[   13.734485] systemd[1]: Listening on Device-mapper event daemon FIFOs.
[[0;32m  OK  [0m] Listening on Device-mapper event daemon FIFOs.
[   13.739078] systemd[1]: Reached target System Time Synchronized.
[[0;32m  OK  [0m] Reached target System Time Synchronized.
[   13.746406] systemd[1]: Created slice User and Session Slice.
[[0;32m  OK  [0m] Created slice User and Session Slice.
[   13.751083] systemd[1]: Reached target Swap.
[[0;32m  OK  [0m] Reached target Swap.
[   13.754921] systemd[1]: Reached target Encrypted Volumes.
[[0;32m  OK  [0m] Reached target Encrypted Volumes.
[   13.759529] systemd[1]: Created slice System Slice.
[[0;32m  OK  [0m] Created slice System Slice.
[   13.763423] systemd[1]: Reached target Slices.
[[0;32m  OK  [0m] Reached target Slices.
[   13.767242] systemd[1]: Listening on Journal Audit Socket.
[[0;32m  OK  [0m] Listening on Journal Audit Socket.
[   13.771431] systemd[1]: Listening on LVM2 metadata daemon socket.
[[0;32m  OK  [0m] Listening on LVM2 metadata daemon socket.
[   13.782695] systemd[1]: Listening on udev Control Socket.
[[0;32m  OK  [0m] Listening on udev Control Socket.
[   13.863345] systemd[1]: Listening on Syslog Socket.
[[0;32m  OK  [0m] Listening on Syslog Socket.
[   13.868027] systemd[1]: Listening on /dev/initctl Compatibility Named Pipe.
[[0;32m  OK  [0m] Listening on /dev/initctl Compatibility Named Pipe.
[   13.873427] systemd[1]: Created slice system-serial\x2dgetty.slice.
[[0;32m  OK  [0m] Created slice system-serial\x2dgetty.slice.
[   13.878068] systemd[1]: Reached target User and Group Name Lookups.
[[0;32m  OK  [0m] Reached target User and Group Name Lookups.
[   13.885100] systemd[1]: Started Forward Password Requests to Wall Directory Watch.
[[0;32m  OK  [0m] Started Forward Password Requests to Wall Directory Watch.
[   13.890593] systemd[1]: Listening on Journal Socket (/dev/log).
[[0;32m  OK  [0m] Listening on Journal Socket (/dev/log).
[   13.897078] systemd[1]: Listening on Journal Socket.
[[0;32m  OK  [0m] Listening on Journal Socket.
[   14.036985] systemd[1]: Mounting Huge Pages File System...
         Mounting Huge Pages File System...
[   14.119775] systemd[1]: Starting Remount Root and Kernel File Systems...
         Starting Remount Root and Kernel File Systems...
[   14.267419] systemd[1]: Starting Load Kernel Modules...
         Starting Load Kernel Modules...
[   14.339246] systemd[1]: Starting Create list of required static device nodes for the current kernel...
         Starting Create list of required st... nodes for the current kernel...[   14.367962] EXT4-fs (sda1): re-mounted. Opts: (null)

[   14.374929] systemd[1]: Starting Set console keymap...
         Starting Set console keymap...
[   14.385632] systemd[1]: Starting Uncomplicated firewall...
         Starting Uncomplicated firewall...
[   14.561903] systemd[1]: Starting Nameserver information manager...
         Starting Nameserver information manager...
[   14.626579] systemd[1]: Starting Journal Service...
         Starting Journal Service...
[   14.667922] systemd[1]: Mounting Debug File System...
         Mounting Debug F[   14.749156] Loading iSCSI transport class v2.0-870.
ile System...
[   14.799445] systemd[1]: Mounting POSIX Message Queue File System...
         Mounting POSIX Message Queue File System...
[   14.866483] systemd[1]: Starting Monitoring of LVM2 mirrors, snapshots etc. using dmeventd or progress polling...
[   14.933818] iscsi: registered transport (tcp)
         Starting Monitoring of LVM2 mirrors... dmeventd or progress polling...
[   15.061024] systemd[1]: Mounted POSIX Message Queue File System.
[[0;32m  OK  [0m] Mounted POSIX Message Queue File System.
[   15.204105] systemd[1]: Mounted Debug File System.
[[0;32m  OK  [0m] Mounted Debug File System.
[   15.208240] systemd[1]: Mounted Huge Pages File System.
[[0;32m  OK  [0m] Mounted Huge Pages File System.
[   15.253847] systemd[1]: Started Journal Service.
[[0;32m  OK  [0m] Started Journal Service.
[[0;32m  OK  [0m] Started Remount Root and Kernel File Systems.
[[0;32m  OK  [0m] Started Create list of required sta...ce node[   15.375742] iscsi: registered transport (iser)
s for the current kernel.
[[0;32m  OK  [0m] Started Set console keymap.
[[0;32m  OK  [0m] Started Uncomplicated firewall.
[[0;32m  OK  [0m] Started Load Kernel Modules.
[[0;32m  OK  [0m] Started Nameserver information manager.
[[0;32m  OK  [0m] Started LVM2 metadata daemon.
         Mounting FUSE Control File System...
         Starting Apply Kernel Variables...
         Starting Create Static Device Nodes in /dev...
         Starting udev Coldplug all Devices...
         Starting Load/Save Random Seed...
         Starting Flush Journal to Persistent Storage...
[[0;32m  OK  [0m] Mounted FUSE Control File System.
[[0;32m  OK  [0m] Started Apply Kernel Variables.
[[0;32m  OK  [0m] Started Load/Save Random Seed.
[[0;32m  OK  [0m] Started Monitoring of LVM2 mirrors,...ng dmeventd or progress polling.
[[0;32m  OK  [0m] Started Create Static Device Nodes in /dev.
[[0;32m  OK  [0m] Started udev Coldplug all Devices.
[[0;32m  OK  [0m] Started Flush Journal to Persistent Storage.
         Starting udev Kernel Device Manager...
[[0;32m  OK  [0m] Reached target Local File Systems (Pre).
[[0;32m  OK  [0m] Reached target Local File Systems.
         Starting Initial cloud-init job (pre-networking)...
         Starting LSB: AppArmor initialization...
         Starting Tell Plymouth To Write Out Runtime Data...
         Starting Create Volatile Files and Directories...
         Starting Set console font and keymap...
[[0;32m  OK  [0m] Started Create Volatile Files and Directories.
         Starting Update UTMP about System Boot/Shutdown...
[[0;32m  OK  [0m] Started Tell Plymouth To Write Out Runtime Data.
[[0;32m  OK  [0m] Started Update UTMP about System Boot/Shutdown.
[[0;32m  OK  [0m] Started udev Kernel Device Manager.
[[0;32m  OK  [0m] Started Dispatch Password Requests to Console Directory Watch.
[[0;32m  OK  [0m] Found device /dev/ttyS0.
[[0;32m  OK  [0m] Listening on Load/Save RF Kill Switch Status /dev/rfkill Watch.
[[0;32m  OK  [0m] Found device 82540EM Gigabit Ethern...r (PRO/1000 MT Desktop Adapter).
[[0;32m  OK  [0m] Started LSB: AppArmor initialization.
[[0;32m  OK  [0m] Started Set console font and keymap.
[[0;32m  OK  [0m] Found device 82540EM Gigabit Ethern...r (PRO/1000 MT Desktop Adapter).
[[0;32m  OK  [0m] Created slice system-getty.slice.
[   21.425460] cloud-init[453]: Cloud-init v. 19.2-24-ge7881d5c-0ubuntu1~16.04.1 running 'init-local' at Tue, 17 Sep 2019 23:30:38 +0000. Up 20.37 seconds.
[[0;32m  OK  [0m] Started Initial cloud-init job (pre-networking).
[[0;32m  OK  [0m] Reached target Network (Pre).
[[0;32m  OK  [0m] Started ifup for enp0s8.
[[0;32m  OK  [0m] Started ifup for enp0s3.
         Starting Raise network interfaces...
[[0;32m  OK  [0m] Started Raise network interfaces.
[[0;32m  OK  [0m] Reached target Network.
         Starting Initial cloud-init job (metadata service crawler)...
[   23.714633] cloud-init[1050]: Cloud-init v. 19.2-24-ge7881d5c-0ubuntu1~16.04.1 running 'init' at Tue, 17 Sep 2019 23:30:41 +0000. Up 22.81 seconds.
[   23.816838] cloud-init[1050]: ci-info: ++++++++++++++++++++++++++++++++++++++Net device info++++++++++++++++++++++++++++++++++++++
[   23.840514] cloud-init[1050]: ci-info: +--------+------+----------------------------+---------------+--------+-------------------+
[   23.841248] cloud-init[1050]: ci-info: | Device |  Up  |          Address           |      Mask     | Scope  |     Hw-Address    |
[   23.841476] cloud-init[1050]: ci-info: +--------+------+----------------------------+---------------+--------+-------------------+
[   23.841734] cloud-init[1050]: ci-info: | enp0s3 | True |         10.0.2.15          | 255.255.255.0 | global | 02:21:78:00:d6:19 |
[   23.841948] cloud-init[1050]: ci-info: | enp0s3 | True | fe80::21:78ff:fe00:d619/64 |       .       |  link  | 02:21:78:00:d6:19 |
[   23.842158] cloud-init[1050]: ci-info: | enp0s8 | True |       192.168.200.9        | 255.255.255.0 | global | 08:00:27:e7:01:c8 |
[   23.842373] cloud-init[1050]: ci-info: | enp0s8 | True | fe80::a00:27ff:fee7:1c8/64 |       .       |  link  | 08:00:27:e7:01:c8 |
[   23.842583] cloud-init[1050]: ci-info: |   lo   | True |         127.0.0.1          |   255.0.0.0   |  host  |         .         |
[   23.842793] cloud-init[1050]: ci-info: |   lo   | True |          ::1/128           |       .       |  host  |         .         |
[   23.843015] cloud-init[1050]: ci-info: +--------+------+----------------------------+---------------+--------+-------------------+
[[0;32m  OK  [0m] Started Initial cloud-init job (metadata service crawler).
[   23.844717] cloud-init[1050]: ci-info: ++++++++++++++++++++++++++++Route IPv4 info+++++++++++++++++++++++++++++[[0;32m  OK  [0m] Reached target System Initialization.
[[0;32m  OK  [0m] Listening on ACPID Listen Socket.
         Starting Socket activation for snappy daemon.
         Starting Docker Socket for the API.
[[0;32m  OK  [0m] Listening on UUID daemon activation socket.
[[0;32m  OK  [0m] Listening on D-Bus System Message Bus Socket.

[   23.995621] cloud-init[1050]: ci-info: +-------+---------------+----------+---------------+-----------+-------+
[   24.003785] cloud-init[1050]: ci-info: | Route |  Destination  | Gateway  |    Genmask    | Interface | Flags |
[   24.007147] cloud-init[1050]: ci-info: +-------+---------------+----------+---------------+-----------+-------+
[[0;32m  OK  [0m[   24.020521] cloud-init[1050]: ci-info: |   0   |    0.0.0.0    | 10.0.2.2 |    0.0.0.0    |   enp0s3  |   UG  |
[   24.020667] cloud-init[1050]: ci-info: |   1   |    10.0.2.0   | 0.0.0.0  | 255.255.255.0 |   enp0s3  |   U   |
[   24.020789] cloud-init[1050]: ci-info: |   2   | 192.168.200.0 | 0.0.0.0  | 255.255.255.0 |   enp0s8  |   U   |
[   24.020926] cloud-init[1050]: ci-info: +-------+---------------+----------+---------------+-----------+-------+
[   24.021044] cloud-init[1050]: ci-info: +++++++++++++++++++Route IPv6 info+++++++++++++++++++
[   24.021161] cloud-init[1050]: ci-info: +-------+-------------+---------+-----------+-------+
[   24.021336] cloud-init[1050]: ci-info: | Route | Destination | Gateway | Interface | Flags |
[   24.021460] cloud-init[1050]: ci-info: +-------+-------------+---------+-----------+-------+
[   24.021609] cloud-init[1050]: ci-info: |   0   |  fe80::/64  |    ::   |   enp0s8  |   U   |
[   24.021731] cloud-init[1050]: ci-info: |   1   |  fe80::/64  |    ::   |   enp0s3  |   U   |
[   24.021847] cloud-init[1050]: ci-info: |   4   |   ff00::/8  |    ::   |   enp0s8  |   U   |
[   24.021960] cloud-init[1050]: ci-info: |   5   |   ff00::/8  |    ::   |   enp0s3  |   U   |
[   24.022085] cloud-init[1050]: ci-info: +-------+-------------+---------+-----------+-------+
] Started Daily apt download activities.
[[0;32m  OK  [0m] Started Daily apt upgrade and clean activities.
         Starting LXD - unix socket.
[[0;32m  OK  [0m] Started ACPI Events Check.
[[0;32m  OK  [0m] Reached target Paths.
[[0;32m  OK  [0m] Started Daily Cleanup of Temporary Directories.
[[0;32m  OK  [0m] Reached target Timers.
[[0;32m  OK  [0m] Reached target Network is Online.
         Starting iSCSI initiator daemon (iscsid)...
[[0;32m  OK  [0m] Reached target Cloud-config availability.
[[0;32m  OK  [0m] Listening on Socket activation for snappy daemon.
[[0;32m  OK  [0m] Listening on Docker Socket for the API.
[[0;32m  OK  [0m] Listening on LXD - unix socket.
[[0;32m  OK  [0m] Reached target Sockets.
[[0;32m  OK  [0m] Reached target Basic System.
         Starting LSB: MD monitoring daemon...
         Starting /etc/rc.local Compatibility...
         Starting System Logging Service...
         Starting Snappy daemon...
[[0;32m  OK  [0m] Started Regular background program processing daemon.
         Starting Virtualbox guest utils...
         Starting Accounts Service...
[[0;32m  OK  [0m] Started D-Bus System Message Bus.
[[0;32m  OK  [0m] Started FUSE filesystem for LXC.
[[0;32m  OK  [0m] Started ACPI event daemon.
         Starting containerd container runtime...
         Starting LSB: Record successful boot for GRUB...
[[0;32m  OK  [0m] Started Deferred execution scheduler.
         Starting LXD - container startup/shutdown...
         Starting OpenBSD Secure Shell server...
         Starting Login Service...
[[0;32m  OK  [0m] Started System Logging Service.
[[0;32m  OK  [0m] Started iSCSI initiator daemon (iscsid).
[[0;32m  OK  [0m] Started /etc/rc.local Compatibility.
[[0;32m  OK  [0m] Started containerd container runtime.
[[0;32m  OK  [0m] Started LSB: MD monitoring daemon.
         Starting Authenticate and Authorize Users to Run Privileged Tasks...
         Starting Docker Application Container Engine...
         Starting Login to default iSCSI targets...
[[0;32m  OK  [0m] Started Login Service.
[[0;32m  OK  [0m] Started LSB: Record successful boot for GRUB.
[[0;32m  OK  [0m] Started Unattended Upgrades Shutdown.
[[0;32m  OK  [0m] Started Login to default iSCSI targets.
[[0;32m  OK  [0m] Reached target Remote File Systems (Pre).
[[0;32m  OK  [0m] Reached target Remote File Systems.
         Starting LSB: daemon to balance interrupts for SMP systems...
         Starting LSB: automatic crash report generation...
         Starting Permit User Sessions...
         Starting LSB: Set the CPU Frequency Scaling governor to "ondemand"...
[[0;32m  OK  [0m] Started Permit User Sessions.
[[0;32m  OK  [0m] Started Authenticate and Authorize Users to Run Privileged Tasks.
[[0;32m  OK  [0m] Started Accounts Service.
         Starting Hold until boot process finishes up...
         Starting Terminate Plymouth Boot Screen...
[[0;32m  OK  [0m] Started Hold until boot process finishes up.
[[0;32m  OK  [0m] Started Terminate Plymouth Boot Screen.
[[0;32m  OK  [0m] Started LSB: Set the CPU Frequency Scaling governor to "ondemand".
         Starting Set console scheme...
[[0;32m  OK  [0m] Started Serial Getty on ttyS0.
[[0;32m  OK  [0m] Started Getty on tty1.
[[0;32m  OK  [0m] Reached target Login Prompts.
[[0;32m  OK  [0m] Started LSB: daemon to balance interrupts for SMP systems.
[[0;32m  OK  [0m] Started Set console scheme.
[[0;32m  OK  [0m] Started OpenBSD Secure Shell server.
[[0;32m  OK  [0m] Started LSB: automatic crash report generation.
[[0;32m  OK  [0m] Started Virtualbox guest utils.
[[0;32m  OK  [0m] Created slice User Slice of vagrant.
         Starting User Manager for UID 1000...
[[0;32m  OK  [0m] Started Session 1 of user vagrant.
[[0;32m  OK  [0m] Started Snappy daemon.
         Starting Wait until snapd is fully seeded...
[[0;32m  OK  [0m] Started User Manager for UID 1000.
[[0;32m  OK  [0m] Started Wait until snapd is fully seeded.
         Starting Apply the settings specified in cloud-config...
[[0;32m  OK  [0m] Started LXD - container startup/shutdown.
[   31.729738] cloud-init[1351]: Cloud-init v. 19.2-24-ge7881d5c-0ubuntu1~16.04.1 running 'modules:config' at Tue, 17 Sep 2019 23:30:49 +0000. Up 31.09 seconds.
[[0;32m  OK  [0m] Started Apply the settings specified in cloud-config.

Ubuntu 16.04.6 LTS dockerlocal ttyS0

dockerlocal login: [   41.991615] cloud-init[1847]: Cloud-init v. 19.2-24-ge7881d5c-0ubuntu1~16.04.1 running 'modules:final' at Tue, 17 Sep 2019 23:31:00 +0000. Up 41.64 seconds.
[   41.993025] cloud-init[1847]: Cloud-init v. 19.2-24-ge7881d5c-0ubuntu1~16.04.1 finished at Tue, 17 Sep 2019 23:31:00 +0000. Datasource DataSourceNoCloud [seed=/dev/sdb][dsmode=net].  Up 41.97 seconds
